#
# There is insufficient memory for the Java Runtime Environment to continue.
# Native memory allocation (malloc) failed to allocate 1048576 bytes. Error detail: AllocateHeap
# Possible reasons:
#   The system is out of physical RAM or swap space
#   This process is running with CompressedOops enabled, and the Java Heap may be blocking the growth of the native heap
# Possible solutions:
#   Reduce memory load on the system
#   Increase physical memory or swap space
#   Check if swap backing store is full
#   Decrease Java heap size (-Xmx/-Xms)
#   Decrease number of Java threads
#   Decrease Java thread stack sizes (-Xss)
#   Set larger code cache with -XX:ReservedCodeCacheSize=
#   JVM is running with Unscaled Compressed Oops mode in which the Java heap is
#     placed in the first 4GB address space. The Java Heap base address is the
#     maximum limit for the native heap growth. Please use -XX:HeapBaseMinAddress
#     to set the Java Heap base and to place the Java Heap above 4GB virtual address.
# This output file may be truncated or incomplete.
#
#  Out of Memory Error (allocation.cpp:44), pid=30584, tid=12256
#
# JRE version: OpenJDK Runtime Environment Temurin-17.0.11+9 (17.0.11+9) (build 17.0.11+9)
# Java VM: OpenJDK 64-Bit Server VM Temurin-17.0.11+9 (17.0.11+9, mixed mode, emulated-client, tiered, compressed oops, compressed class ptrs, g1 gc, windows-amd64)
# No core dump will be written. Minidumps are not enabled by default on client versions of Windows
#

---------------  S U M M A R Y ------------

Command Line: -Xmx1024m -Dsts.lsp.client=vscode -Dsts.log.file=/dev/null -XX:TieredStopAtLevel=1 -Xlog:jni+resolve=off -Dspring.config.location=file:c:\Users\Drsil\.vscode\extensions\vmware.vscode-spring-boot-1.55.0\language-server\BOOT-INF\classes\application.properties org.springframework.ide.vscode.boot.app.BootLanguageServerBootApp

Host: 11th Gen Intel(R) Core(TM) i5-1135G7 @ 2.40GHz, 8 cores, 7G,  Windows 11 , 64 bit Build 22621 (10.0.22621.3527)
Time: Sat Jun 15 21:44:30 2024 Hora oficial do Brasil elapsed time: 2503.115795 seconds (0d 0h 41m 43s)

---------------  T H R E A D  ---------------

Current thread (0x000002a5a8ae0f40):  VMThread "VM Thread" [stack: 0x000000d0ce100000,0x000000d0ce200000] [id=12256]

Stack: [0x000000d0ce100000,0x000000d0ce200000]
Native frames: (J=compiled Java code, j=interpreted, Vv=VM code, C=native code)
V  [jvm.dll+0x67d429]
V  [jvm.dll+0x834b7a]
V  [jvm.dll+0x83663e]
V  [jvm.dll+0x836ca3]
V  [jvm.dll+0x247dbf]
V  [jvm.dll+0xa6cb3]
V  [jvm.dll+0x2f8ad3]
V  [jvm.dll+0x2f4750]
V  [jvm.dll+0x2dcf67]
V  [jvm.dll+0x31fb67]
V  [jvm.dll+0x83b19b]
V  [jvm.dll+0x83bed2]
V  [jvm.dll+0x83c3ed]
V  [jvm.dll+0x83c7c4]
V  [jvm.dll+0x83c890]
V  [jvm.dll+0x7e410a]
V  [jvm.dll+0x67c315]
C  [ucrtbase.dll+0x29333]
C  [KERNEL32.DLL+0x1257d]
C  [ntdll.dll+0x5aa48]

VM_Operation (0x000000d0cf9feaf0): G1CollectFull, mode: safepoint, requested by thread 0x000002a5ae7cb070


---------------  P R O C E S S  ---------------

Threads class SMR info:
_java_thread_list=0x000002a5afda7c90, length=29, elements={
0x000002a5a8acab70, 0x000002a5a8af37b0, 0x000002a5a8b148e0, 0x000002a5a8b153b0,
0x000002a5a8b17c90, 0x000002a5a8b18970, 0x000002a5ad00cc20, 0x000002a5ad00d530,
0x000002a5ad235660, 0x000002a5ad23c620, 0x000002a5ae5d6a60, 0x000002a5ae7cb070,
0x000002a5ae6ec300, 0x000002a59bc1afd0, 0x000002a5ae691860, 0x000002a5ae8a6fc0,
0x000002a5ae8b98f0, 0x000002a5ae8bb240, 0x000002a5ae8ba310, 0x000002a5ae8b93e0,
0x000002a5ae8bad30, 0x000002a5ae8ba820, 0x000002a5ae8b7fa0, 0x000002a5ae9514d0,
0x000002a5ae952e20, 0x000002a5ae953330, 0x000002a5ae9560c0, 0x000002a5ae954770,
0x000002a5ae953d50
}

Java Threads: ( => current thread )
  0x000002a5a8acab70 JavaThread "Reference Handler" daemon [_thread_blocked, id=31356, stack(0x000000d0ce200000,0x000000d0ce300000)]
  0x000002a5a8af37b0 JavaThread "Finalizer" daemon [_thread_blocked, id=19524, stack(0x000000d0ce300000,0x000000d0ce400000)]
  0x000002a5a8b148e0 JavaThread "Signal Dispatcher" daemon [_thread_blocked, id=35784, stack(0x000000d0ce400000,0x000000d0ce500000)]
  0x000002a5a8b153b0 JavaThread "Attach Listener" daemon [_thread_blocked, id=13092, stack(0x000000d0ce500000,0x000000d0ce600000)]
  0x000002a5a8b17c90 JavaThread "Service Thread" daemon [_thread_blocked, id=32176, stack(0x000000d0ce600000,0x000000d0ce700000)]
  0x000002a5a8b18970 JavaThread "Monitor Deflation Thread" daemon [_thread_blocked, id=14948, stack(0x000000d0ce700000,0x000000d0ce800000)]
  0x000002a5ad00cc20 JavaThread "C1 CompilerThread0" daemon [_thread_blocked, id=28260, stack(0x000000d0ce800000,0x000000d0ce900000)]
  0x000002a5ad00d530 JavaThread "Sweeper thread" daemon [_thread_blocked, id=25836, stack(0x000000d0ce900000,0x000000d0cea00000)]
  0x000002a5ad235660 JavaThread "Notification Thread" daemon [_thread_blocked, id=37772, stack(0x000000d0ceb00000,0x000000d0cec00000)]
  0x000002a5ad23c620 JavaThread "Common-Cleaner" daemon [_thread_blocked, id=12316, stack(0x000000d0ced00000,0x000000d0cee00000)]
  0x000002a5ae5d6a60 JavaThread "boundedElastic-evictor-1" daemon [_thread_blocked, id=4796, stack(0x000000d0cf300000,0x000000d0cf400000)]
  0x000002a5ae7cb070 JavaThread "pool-13-thread-1" [_thread_blocked, id=34064, stack(0x000000d0cf900000,0x000000d0cfa00000)]
  0x000002a5ae6ec300 JavaThread "LanguageServerApp-lifecycle" [_thread_blocked, id=11716, stack(0x000000d0cfa00000,0x000000d0cfb00000)]
  0x000002a59bc1afd0 JavaThread "DestroyJavaVM" [_thread_blocked, id=4124, stack(0x000000d0cdb00000,0x000000d0cdc00000)]
  0x000002a5ae691860 JavaThread "pool-14-thread-1" [_thread_in_native, id=11664, stack(0x000000d0cfb00000,0x000000d0cfc00000)]
  0x000002a5ae8a6fc0 JavaThread "Simple-Language-Server main thread" daemon [_thread_blocked, id=1616, stack(0x000000d0cfc00000,0x000000d0cfd00000)]
  0x000002a5ae8b98f0 JavaThread "pool-8-thread-1" [_thread_blocked, id=31240, stack(0x000000d0cff00000,0x000000d0d0000000)]
  0x000002a5ae8bb240 JavaThread "parallel-1" daemon [_thread_blocked, id=39188, stack(0x000000d0d0000000,0x000000d0d0100000)]
  0x000002a5ae8ba310 JavaThread "parallel-2" daemon [_thread_blocked, id=33124, stack(0x000000d0d0100000,0x000000d0d0200000)]
  0x000002a5ae8b93e0 JavaThread "pool-6-thread-1" [_thread_blocked, id=39792, stack(0x000000d0d0200000,0x000000d0d0300000)]
  0x000002a5ae8bad30 JavaThread "parallel-3" daemon [_thread_blocked, id=21300, stack(0x000000d0d0300000,0x000000d0d0400000)]
  0x000002a5ae8ba820 JavaThread "parallel-4" daemon [_thread_blocked, id=37084, stack(0x000000d0d0400000,0x000000d0d0500000)]
  0x000002a5ae8b7fa0 JavaThread "parallel-5" daemon [_thread_blocked, id=38288, stack(0x000000d0d0500000,0x000000d0d0600000)]
  0x000002a5ae9514d0 JavaThread "parallel-6" daemon [_thread_blocked, id=25324, stack(0x000000d0d0b00000,0x000000d0d0c00000)]
  0x000002a5ae952e20 JavaThread "parallel-7" daemon [_thread_blocked, id=10000, stack(0x000000d0d0c00000,0x000000d0d0d00000)]
  0x000002a5ae953330 JavaThread "parallel-8" daemon [_thread_blocked, id=27260, stack(0x000000d0d0d00000,0x000000d0d0e00000)]
  0x000002a5ae9560c0 JavaThread "Reconciler-1" daemon [_thread_blocked, id=37996, stack(0x000000d0d0f00000,0x000000d0d1000000)]
  0x000002a5ae954770 JavaThread "CompletableFutureDelayScheduler" daemon [_thread_blocked, id=24152, stack(0x000000d0d0600000,0x000000d0d0700000)]
  0x000002a5ae953d50 JavaThread "ForkJoinPool.commonPool-worker-11" daemon [_thread_blocked, id=17920, stack(0x000000d0cfe00000,0x000000d0cff00000)]

Other Threads:
=>0x000002a5a8ae0f40 VMThread "VM Thread" [stack: 0x000000d0ce100000,0x000000d0ce200000] [id=12256]
  0x000002a5ad235b40 WatcherThread [stack: 0x000000d0cec00000,0x000000d0ced00000] [id=38732]
  0x000002a59dcf6950 GCTaskThread "GC Thread#0" [stack: 0x000000d0cdc00000,0x000000d0cdd00000] [id=28528]
  0x000002a5adcb0590 GCTaskThread "GC Thread#1" [stack: 0x000000d0cee00000,0x000000d0cef00000] [id=25124]
  0x000002a5adcdfc70 GCTaskThread "GC Thread#2" [stack: 0x000000d0cef00000,0x000000d0cf000000] [id=20772]
  0x000002a5adc87c20 GCTaskThread "GC Thread#3" [stack: 0x000000d0cf000000,0x000000d0cf100000] [id=27300]
  0x000002a5addb1bd0 GCTaskThread "GC Thread#4" [stack: 0x000000d0cf100000,0x000000d0cf200000] [id=10836]
  0x000002a5adf07c70 GCTaskThread "GC Thread#5" [stack: 0x000000d0cf200000,0x000000d0cf300000] [id=23016]
  0x000002a5ae1f0040 GCTaskThread "GC Thread#6" [stack: 0x000000d0cf600000,0x000000d0cf700000] [id=16912]
  0x000002a5ae1f1910 GCTaskThread "GC Thread#7" [stack: 0x000000d0cf700000,0x000000d0cf800000] [id=30244]
  0x000002a59dcff7b0 ConcurrentGCThread "G1 Main Marker" [stack: 0x000000d0cdd00000,0x000000d0cde00000] [id=38460]
  0x000002a59dd00880 ConcurrentGCThread "G1 Conc#0" [stack: 0x000000d0cde00000,0x000000d0cdf00000] [id=19168]
  0x000002a5ae0f5030 ConcurrentGCThread "G1 Conc#1" [stack: 0x000000d0cf800000,0x000000d0cf900000] [id=31952]
  0x000002a59dd5e030 ConcurrentGCThread "G1 Refine#0" [stack: 0x000000d0cdf00000,0x000000d0ce000000] [id=35236]
  0x000002a59dd5e970 ConcurrentGCThread "G1 Service" [stack: 0x000000d0ce000000,0x000000d0ce100000] [id=4280]

Threads with active compile tasks:

VM state: at safepoint (normal execution)

VM Mutex/Monitor currently owned by a thread:  ([mutex/lock_event])
[0x000002a59bb63680] Threads_lock - owner thread: 0x000002a5a8ae0f40
[0x000002a59bb5eb10] Heap_lock - owner thread: 0x000002a5ae7cb070

Heap address: 0x00000000c0000000, size: 1024 MB, Compressed Oops mode: 32-bit

CDS archive(s) not mapped
Compressed class space mapped at: 0x0000000100000000-0x0000000140000000, reserved size: 1073741824
Narrow klass base: 0x0000000000000000, Narrow klass shift: 3, Narrow klass range: 0x140000000

GC Precious Log:
 CPUs: 8 total, 8 available
 Memory: 7926M
 Large Page Support: Disabled
 NUMA Support: Disabled
 Compressed Oops: Enabled (32-bit)
 Heap Region Size: 1M
 Heap Min Capacity: 8M
 Heap Initial Capacity: 124M
 Heap Max Capacity: 1G
 Pre-touch: Disabled
 Parallel Workers: 8
 Concurrent Workers: 2
 Concurrent Refinement Workers: 8
 Periodic GC: Disabled

Heap:
 garbage-first heap   total 122880K, used 37340K [0x00000000c0000000, 0x0000000100000000)
  region size 1024K, 1 young (1024K), 0 survivors (0K)
 Metaspace       used 60346K, committed 60800K, reserved 1114112K
  class space    used 7544K, committed 7744K, reserved 1048576K

Heap Regions: E=young(eden), S=young(survivor), O=old, HS=humongous(starts), HC=humongous(continues), CS=collection set, F=free, OA=open archive, CA=closed archive, TAMS=top-at-mark-start (previous, next)
|   0|0x00000000c0000000, 0x00000000c0100000, 0x00000000c0100000|100%|HS|  |TAMS 0x00000000c0100000, 0x00000000c0000000| Untracked 
|   1|0x00000000c0100000, 0x00000000c0200000, 0x00000000c0200000|100%|HC|  |TAMS 0x00000000c0200000, 0x00000000c0100000| Untracked 
|   2|0x00000000c0200000, 0x00000000c0300000, 0x00000000c0300000|100%|HC|  |TAMS 0x00000000c0300000, 0x00000000c0200000| Untracked 
|   3|0x00000000c0300000, 0x00000000c0400000, 0x00000000c0400000|100%|HC|  |TAMS 0x00000000c0400000, 0x00000000c0300000| Untracked 
|   4|0x00000000c0400000, 0x00000000c0500000, 0x00000000c0500000|100%|HS|  |TAMS 0x00000000c0500000, 0x00000000c0400000| Untracked 
|   5|0x00000000c0500000, 0x00000000c0600000, 0x00000000c0600000|100%|HC|  |TAMS 0x00000000c0600000, 0x00000000c0500000| Untracked 
|   6|0x00000000c0600000, 0x00000000c0700000, 0x00000000c0700000|100%| O|  |TAMS 0x00000000c0700000, 0x00000000c0600000| Untracked 
|   7|0x00000000c0700000, 0x00000000c0800000, 0x00000000c0800000|100%| O|  |TAMS 0x00000000c0800000, 0x00000000c0700000| Untracked 
|   8|0x00000000c0800000, 0x00000000c0900000, 0x00000000c0900000|100%| O|  |TAMS 0x00000000c0900000, 0x00000000c0800000| Untracked 
|   9|0x00000000c0900000, 0x00000000c0a00000, 0x00000000c0a00000|100%| O|  |TAMS 0x00000000c0a00000, 0x00000000c0900000| Untracked 
|  10|0x00000000c0a00000, 0x00000000c0b00000, 0x00000000c0b00000|100%| O|  |TAMS 0x00000000c0b00000, 0x00000000c0a00000| Untracked 
|  11|0x00000000c0b00000, 0x00000000c0bfffd8, 0x00000000c0c00000| 99%| O|  |TAMS 0x00000000c0bfffd8, 0x00000000c0b00000| Untracked 
|  12|0x00000000c0c00000, 0x00000000c0cfffd8, 0x00000000c0d00000| 99%| O|  |TAMS 0x00000000c0cfffd8, 0x00000000c0c00000| Untracked 
|  13|0x00000000c0d00000, 0x00000000c0dfffe0, 0x00000000c0e00000| 99%| O|  |TAMS 0x00000000c0dfffe0, 0x00000000c0d00000| Untracked 
|  14|0x00000000c0e00000, 0x00000000c0f00000, 0x00000000c0f00000|100%| O|  |TAMS 0x00000000c0f00000, 0x00000000c0e00000| Untracked 
|  15|0x00000000c0f00000, 0x00000000c0fffff0, 0x00000000c1000000| 99%| O|  |TAMS 0x00000000c0fffff0, 0x00000000c0f00000| Untracked 
|  16|0x00000000c1000000, 0x00000000c10fffb0, 0x00000000c1100000| 99%| O|  |TAMS 0x00000000c10fffb0, 0x00000000c1000000| Untracked 
|  17|0x00000000c1100000, 0x00000000c11fffa0, 0x00000000c1200000| 99%| O|  |TAMS 0x00000000c11fffa0, 0x00000000c1100000| Untracked 
|  18|0x00000000c1200000, 0x00000000c12fffb8, 0x00000000c1300000| 99%| O|  |TAMS 0x00000000c12fffb8, 0x00000000c1200000| Untracked 
|  19|0x00000000c1300000, 0x00000000c13ffff8, 0x00000000c1400000| 99%| O|  |TAMS 0x00000000c13ffff8, 0x00000000c1300000| Untracked 
|  20|0x00000000c1400000, 0x00000000c14ffff8, 0x00000000c1500000| 99%| O|  |TAMS 0x00000000c14ffff8, 0x00000000c1400000| Untracked 
|  21|0x00000000c1500000, 0x00000000c1600000, 0x00000000c1600000|100%| O|  |TAMS 0x00000000c1600000, 0x00000000c1500000| Untracked 
|  22|0x00000000c1600000, 0x00000000c16ffff0, 0x00000000c1700000| 99%| O|  |TAMS 0x00000000c16ffff0, 0x00000000c1600000| Untracked 
|  23|0x00000000c1700000, 0x00000000c17feba0, 0x00000000c1800000| 99%| O|  |TAMS 0x00000000c17feba0, 0x00000000c1700000| Untracked 
|  24|0x00000000c1800000, 0x00000000c18fffd8, 0x00000000c1900000| 99%| O|  |TAMS 0x00000000c18fffd8, 0x00000000c1800000| Untracked 
|  25|0x00000000c1900000, 0x00000000c19fee08, 0x00000000c1a00000| 99%| O|  |TAMS 0x00000000c19fee08, 0x00000000c1900000| Untracked 
|  26|0x00000000c1a00000, 0x00000000c1b00000, 0x00000000c1b00000|100%| O|  |TAMS 0x00000000c1b00000, 0x00000000c1a00000| Untracked 
|  27|0x00000000c1b00000, 0x00000000c1c00000, 0x00000000c1c00000|100%| O|  |TAMS 0x00000000c1c00000, 0x00000000c1b00000| Untracked 
|  28|0x00000000c1c00000, 0x00000000c1cfffd8, 0x00000000c1d00000| 99%| O|  |TAMS 0x00000000c1cfffd8, 0x00000000c1c00000| Untracked 
|  29|0x00000000c1d00000, 0x00000000c1e00000, 0x00000000c1e00000|100%|HS|  |TAMS 0x00000000c1e00000, 0x00000000c1d00000| Untracked 
|  30|0x00000000c1e00000, 0x00000000c1f00000, 0x00000000c1f00000|100%| O|  |TAMS 0x00000000c1f00000, 0x00000000c1e00000| Untracked 
|  31|0x00000000c1f00000, 0x00000000c1fffff8, 0x00000000c2000000| 99%| O|  |TAMS 0x00000000c1fffff8, 0x00000000c1f00000| Untracked 
|  32|0x00000000c2000000, 0x00000000c20ff738, 0x00000000c2100000| 99%| O|  |TAMS 0x00000000c20ff738, 0x00000000c2000000| Untracked 
|  33|0x00000000c2100000, 0x00000000c21f9470, 0x00000000c2200000| 97%| O|  |TAMS 0x00000000c21f9470, 0x00000000c2100000| Untracked 
|  34|0x00000000c2200000, 0x00000000c22bd790, 0x00000000c2300000| 74%| O|  |TAMS 0x00000000c2200000, 0x00000000c2200000| Untracked 
|  35|0x00000000c2300000, 0x00000000c23c8358, 0x00000000c2400000| 78%| O|  |TAMS 0x00000000c2300000, 0x00000000c2300000| Untracked 
|  36|0x00000000c2400000, 0x00000000c24fb5a0, 0x00000000c2500000| 98%| O|  |TAMS 0x00000000c24fb5a0, 0x00000000c2400000| Untracked 
|  37|0x00000000c2500000, 0x00000000c2500000, 0x00000000c2600000|  0%| F|  |TAMS 0x00000000c2500000, 0x00000000c2500000| Untracked 
|  38|0x00000000c2600000, 0x00000000c2600000, 0x00000000c2700000|  0%| F|  |TAMS 0x00000000c2600000, 0x00000000c2600000| Untracked 
|  39|0x00000000c2700000, 0x00000000c2700000, 0x00000000c2800000|  0%| F|  |TAMS 0x00000000c2700000, 0x00000000c2700000| Untracked 
|  40|0x00000000c2800000, 0x00000000c2800000, 0x00000000c2900000|  0%| F|  |TAMS 0x00000000c2800000, 0x00000000c2800000| Untracked 
|  41|0x00000000c2900000, 0x00000000c2900000, 0x00000000c2a00000|  0%| F|  |TAMS 0x00000000c2900000, 0x00000000c2900000| Untracked 
|  42|0x00000000c2a00000, 0x00000000c2a00000, 0x00000000c2b00000|  0%| F|  |TAMS 0x00000000c2a00000, 0x00000000c2a00000| Untracked 
|  43|0x00000000c2b00000, 0x00000000c2b00000, 0x00000000c2c00000|  0%| F|  |TAMS 0x00000000c2b00000, 0x00000000c2b00000| Untracked 
|  44|0x00000000c2c00000, 0x00000000c2c00000, 0x00000000c2d00000|  0%| F|  |TAMS 0x00000000c2c00000, 0x00000000c2c00000| Untracked 
|  45|0x00000000c2d00000, 0x00000000c2d00000, 0x00000000c2e00000|  0%| F|  |TAMS 0x00000000c2d00000, 0x00000000c2d00000| Untracked 
|  46|0x00000000c2e00000, 0x00000000c2e00000, 0x00000000c2f00000|  0%| F|  |TAMS 0x00000000c2e00000, 0x00000000c2e00000| Untracked 
|  47|0x00000000c2f00000, 0x00000000c2f00000, 0x00000000c3000000|  0%| F|  |TAMS 0x00000000c2f00000, 0x00000000c2f00000| Untracked 
|  48|0x00000000c3000000, 0x00000000c3000000, 0x00000000c3100000|  0%| F|  |TAMS 0x00000000c3000000, 0x00000000c3000000| Untracked 
|  49|0x00000000c3100000, 0x00000000c3100000, 0x00000000c3200000|  0%| F|  |TAMS 0x00000000c3100000, 0x00000000c3100000| Untracked 
|  50|0x00000000c3200000, 0x00000000c3200000, 0x00000000c3300000|  0%| F|  |TAMS 0x00000000c3200000, 0x00000000c3200000| Untracked 
|  51|0x00000000c3300000, 0x00000000c3300000, 0x00000000c3400000|  0%| F|  |TAMS 0x00000000c3300000, 0x00000000c3300000| Untracked 
|  52|0x00000000c3400000, 0x00000000c3400000, 0x00000000c3500000|  0%| F|  |TAMS 0x00000000c3400000, 0x00000000c3400000| Untracked 
|  53|0x00000000c3500000, 0x00000000c3500000, 0x00000000c3600000|  0%| F|  |TAMS 0x00000000c3500000, 0x00000000c3500000| Untracked 
|  54|0x00000000c3600000, 0x00000000c3600000, 0x00000000c3700000|  0%| F|  |TAMS 0x00000000c3600000, 0x00000000c3600000| Untracked 
|  55|0x00000000c3700000, 0x00000000c3700000, 0x00000000c3800000|  0%| F|  |TAMS 0x00000000c3700000, 0x00000000c3700000| Untracked 
|  56|0x00000000c3800000, 0x00000000c3800000, 0x00000000c3900000|  0%| F|  |TAMS 0x00000000c3800000, 0x00000000c3800000| Untracked 
|  57|0x00000000c3900000, 0x00000000c3900000, 0x00000000c3a00000|  0%| F|  |TAMS 0x00000000c3900000, 0x00000000c3900000| Untracked 
|  58|0x00000000c3a00000, 0x00000000c3a00000, 0x00000000c3b00000|  0%| F|  |TAMS 0x00000000c3a00000, 0x00000000c3a00000| Untracked 
|  59|0x00000000c3b00000, 0x00000000c3b00000, 0x00000000c3c00000|  0%| F|  |TAMS 0x00000000c3b00000, 0x00000000c3b00000| Untracked 
|  60|0x00000000c3c00000, 0x00000000c3c00000, 0x00000000c3d00000|  0%| F|  |TAMS 0x00000000c3c00000, 0x00000000c3c00000| Untracked 
|  61|0x00000000c3d00000, 0x00000000c3d00000, 0x00000000c3e00000|  0%| F|  |TAMS 0x00000000c3d00000, 0x00000000c3d00000| Untracked 
|  62|0x00000000c3e00000, 0x00000000c3e00000, 0x00000000c3f00000|  0%| F|  |TAMS 0x00000000c3e00000, 0x00000000c3e00000| Untracked 
|  63|0x00000000c3f00000, 0x00000000c3f00000, 0x00000000c4000000|  0%| F|  |TAMS 0x00000000c3f00000, 0x00000000c3f00000| Untracked 
|  64|0x00000000c4000000, 0x00000000c4000000, 0x00000000c4100000|  0%| F|  |TAMS 0x00000000c4000000, 0x00000000c4000000| Untracked 
|  65|0x00000000c4100000, 0x00000000c4100000, 0x00000000c4200000|  0%| F|  |TAMS 0x00000000c4100000, 0x00000000c4100000| Untracked 
|  66|0x00000000c4200000, 0x00000000c4200000, 0x00000000c4300000|  0%| F|  |TAMS 0x00000000c4200000, 0x00000000c4200000| Untracked 
|  67|0x00000000c4300000, 0x00000000c4300000, 0x00000000c4400000|  0%| F|  |TAMS 0x00000000c4300000, 0x00000000c4300000| Untracked 
|  68|0x00000000c4400000, 0x00000000c4400000, 0x00000000c4500000|  0%| F|  |TAMS 0x00000000c4400000, 0x00000000c4400000| Untracked 
|  69|0x00000000c4500000, 0x00000000c4500000, 0x00000000c4600000|  0%| F|  |TAMS 0x00000000c4500000, 0x00000000c4500000| Untracked 
|  70|0x00000000c4600000, 0x00000000c4600000, 0x00000000c4700000|  0%| F|  |TAMS 0x00000000c4600000, 0x00000000c4600000| Untracked 
|  71|0x00000000c4700000, 0x00000000c4700000, 0x00000000c4800000|  0%| F|  |TAMS 0x00000000c4700000, 0x00000000c4700000| Untracked 
|  72|0x00000000c4800000, 0x00000000c4800000, 0x00000000c4900000|  0%| F|  |TAMS 0x00000000c4800000, 0x00000000c4800000| Untracked 
|  73|0x00000000c4900000, 0x00000000c4900000, 0x00000000c4a00000|  0%| F|  |TAMS 0x00000000c4900000, 0x00000000c4900000| Untracked 
|  74|0x00000000c4a00000, 0x00000000c4a00000, 0x00000000c4b00000|  0%| F|  |TAMS 0x00000000c4a00000, 0x00000000c4a00000| Untracked 
|  75|0x00000000c4b00000, 0x00000000c4b00000, 0x00000000c4c00000|  0%| F|  |TAMS 0x00000000c4b00000, 0x00000000c4b00000| Untracked 
|  76|0x00000000c4c00000, 0x00000000c4c00000, 0x00000000c4d00000|  0%| F|  |TAMS 0x00000000c4c00000, 0x00000000c4c00000| Untracked 
|  77|0x00000000c4d00000, 0x00000000c4d00000, 0x00000000c4e00000|  0%| F|  |TAMS 0x00000000c4d00000, 0x00000000c4d00000| Untracked 
|  78|0x00000000c4e00000, 0x00000000c4e00000, 0x00000000c4f00000|  0%| F|  |TAMS 0x00000000c4e00000, 0x00000000c4e00000| Untracked 
|  79|0x00000000c4f00000, 0x00000000c4f00000, 0x00000000c5000000|  0%| F|  |TAMS 0x00000000c4f00000, 0x00000000c4f00000| Untracked 
|  80|0x00000000c5000000, 0x00000000c5000000, 0x00000000c5100000|  0%| F|  |TAMS 0x00000000c5000000, 0x00000000c5000000| Untracked 
|  81|0x00000000c5100000, 0x00000000c5100000, 0x00000000c5200000|  0%| F|  |TAMS 0x00000000c5100000, 0x00000000c5100000| Untracked 
|  82|0x00000000c5200000, 0x00000000c5200000, 0x00000000c5300000|  0%| F|  |TAMS 0x00000000c5200000, 0x00000000c5200000| Untracked 
|  83|0x00000000c5300000, 0x00000000c5300000, 0x00000000c5400000|  0%| F|  |TAMS 0x00000000c5300000, 0x00000000c5300000| Untracked 
|  84|0x00000000c5400000, 0x00000000c5400000, 0x00000000c5500000|  0%| F|  |TAMS 0x00000000c5400000, 0x00000000c5400000| Untracked 
|  85|0x00000000c5500000, 0x00000000c5500000, 0x00000000c5600000|  0%| F|  |TAMS 0x00000000c5500000, 0x00000000c5500000| Untracked 
|  86|0x00000000c5600000, 0x00000000c5600000, 0x00000000c5700000|  0%| F|  |TAMS 0x00000000c5600000, 0x00000000c5600000| Untracked 
|  87|0x00000000c5700000, 0x00000000c5700000, 0x00000000c5800000|  0%| F|  |TAMS 0x00000000c5700000, 0x00000000c5700000| Untracked 
|  88|0x00000000c5800000, 0x00000000c5800000, 0x00000000c5900000|  0%| F|  |TAMS 0x00000000c5800000, 0x00000000c5800000| Untracked 
|  89|0x00000000c5900000, 0x00000000c5900000, 0x00000000c5a00000|  0%| F|  |TAMS 0x00000000c5900000, 0x00000000c5900000| Untracked 
|  90|0x00000000c5a00000, 0x00000000c5a00000, 0x00000000c5b00000|  0%| F|  |TAMS 0x00000000c5a00000, 0x00000000c5a00000| Untracked 
|  91|0x00000000c5b00000, 0x00000000c5b00000, 0x00000000c5c00000|  0%| F|  |TAMS 0x00000000c5b00000, 0x00000000c5b00000| Untracked 
|  92|0x00000000c5c00000, 0x00000000c5c00000, 0x00000000c5d00000|  0%| F|  |TAMS 0x00000000c5c00000, 0x00000000c5c00000| Untracked 
|  93|0x00000000c5d00000, 0x00000000c5d00000, 0x00000000c5e00000|  0%| F|  |TAMS 0x00000000c5d00000, 0x00000000c5d00000| Untracked 
|  94|0x00000000c5e00000, 0x00000000c5e00000, 0x00000000c5f00000|  0%| F|  |TAMS 0x00000000c5e00000, 0x00000000c5e00000| Untracked 
|  95|0x00000000c5f00000, 0x00000000c5f00000, 0x00000000c6000000|  0%| F|  |TAMS 0x00000000c5f00000, 0x00000000c5f00000| Untracked 
|  96|0x00000000c6000000, 0x00000000c6000000, 0x00000000c6100000|  0%| F|  |TAMS 0x00000000c6000000, 0x00000000c6000000| Untracked 
|  97|0x00000000c6100000, 0x00000000c6100000, 0x00000000c6200000|  0%| F|  |TAMS 0x00000000c6100000, 0x00000000c6100000| Untracked 
|  98|0x00000000c6200000, 0x00000000c6200000, 0x00000000c6300000|  0%| F|  |TAMS 0x00000000c6200000, 0x00000000c6200000| Untracked 
|  99|0x00000000c6300000, 0x00000000c6300000, 0x00000000c6400000|  0%| F|  |TAMS 0x00000000c6300000, 0x00000000c6300000| Untracked 
| 100|0x00000000c6400000, 0x00000000c6400000, 0x00000000c6500000|  0%| F|  |TAMS 0x00000000c6400000, 0x00000000c6400000| Untracked 
| 101|0x00000000c6500000, 0x00000000c6500000, 0x00000000c6600000|  0%| F|  |TAMS 0x00000000c6500000, 0x00000000c6500000| Untracked 
| 102|0x00000000c6600000, 0x00000000c6600000, 0x00000000c6700000|  0%| F|  |TAMS 0x00000000c6600000, 0x00000000c6600000| Untracked 
| 103|0x00000000c6700000, 0x00000000c6700000, 0x00000000c6800000|  0%| F|  |TAMS 0x00000000c6700000, 0x00000000c6700000| Untracked 
| 104|0x00000000c6800000, 0x00000000c6800000, 0x00000000c6900000|  0%| F|  |TAMS 0x00000000c6800000, 0x00000000c6800000| Untracked 
| 105|0x00000000c6900000, 0x00000000c6900000, 0x00000000c6a00000|  0%| F|  |TAMS 0x00000000c6900000, 0x00000000c6900000| Untracked 
| 106|0x00000000c6a00000, 0x00000000c6a00000, 0x00000000c6b00000|  0%| F|  |TAMS 0x00000000c6a00000, 0x00000000c6a00000| Untracked 
| 107|0x00000000c6b00000, 0x00000000c6b00000, 0x00000000c6c00000|  0%| F|  |TAMS 0x00000000c6b00000, 0x00000000c6b00000| Untracked 
| 108|0x00000000c6c00000, 0x00000000c6c00000, 0x00000000c6d00000|  0%| F|  |TAMS 0x00000000c6c00000, 0x00000000c6c00000| Untracked 
| 109|0x00000000c6d00000, 0x00000000c6d00000, 0x00000000c6e00000|  0%| F|  |TAMS 0x00000000c6d00000, 0x00000000c6d00000| Untracked 
| 110|0x00000000c6e00000, 0x00000000c6e00000, 0x00000000c6f00000|  0%| F|  |TAMS 0x00000000c6e00000, 0x00000000c6e00000| Untracked 
| 111|0x00000000c6f00000, 0x00000000c6f00000, 0x00000000c7000000|  0%| F|  |TAMS 0x00000000c6f00000, 0x00000000c6f00000| Untracked 
| 112|0x00000000c7000000, 0x00000000c7000000, 0x00000000c7100000|  0%| F|  |TAMS 0x00000000c7000000, 0x00000000c7000000| Untracked 
| 113|0x00000000c7100000, 0x00000000c7100000, 0x00000000c7200000|  0%| F|  |TAMS 0x00000000c7100000, 0x00000000c7100000| Untracked 
| 114|0x00000000c7200000, 0x00000000c7200000, 0x00000000c7300000|  0%| F|  |TAMS 0x00000000c7200000, 0x00000000c7200000| Untracked 
| 115|0x00000000c7300000, 0x00000000c7300000, 0x00000000c7400000|  0%| F|  |TAMS 0x00000000c7300000, 0x00000000c7300000| Untracked 
| 116|0x00000000c7400000, 0x00000000c7400000, 0x00000000c7500000|  0%| F|  |TAMS 0x00000000c7400000, 0x00000000c7400000| Untracked 
| 117|0x00000000c7500000, 0x00000000c7500000, 0x00000000c7600000|  0%| F|  |TAMS 0x00000000c7500000, 0x00000000c7500000| Untracked 
| 118|0x00000000c7600000, 0x00000000c7600000, 0x00000000c7700000|  0%| F|  |TAMS 0x00000000c7600000, 0x00000000c7600000| Untracked 
| 119|0x00000000c7700000, 0x00000000c77058a8, 0x00000000c7800000|  2%| E|  |TAMS 0x00000000c7700000, 0x00000000c7700000| Complete 

Card table byte_map: [0x000002a5a3c50000,0x000002a5a3e50000] _byte_map_base: 0x000002a5a3650000

Marking Bits (Prev, Next): (CMBitMap*) 0x000002a59dcf6ec0, (CMBitMap*) 0x000002a59dcf6e80
 Prev Bits: [0x000002a5a5050000, 0x000002a5a6050000)
 Next Bits: [0x000002a5a4050000, 0x000002a5a5050000)

Polling page: 0x000002a59bc60000

Metaspace:

Usage:
  Non-class:     51.56 MB used.
      Class:      7.37 MB used.
       Both:     58.93 MB used.

Virtual space:
  Non-class space:       64.00 MB reserved,      51.81 MB ( 81%) committed,  1 nodes.
      Class space:        1.00 GB reserved,       7.56 MB ( <1%) committed,  1 nodes.
             Both:        1.06 GB reserved,      59.38 MB (  5%) committed. 

Chunk freelists:
   Non-Class:  11.80 MB
       Class:  8.42 MB
        Both:  20.21 MB

MaxMetaspaceSize: unlimited
CompressedClassSpaceSize: 1.00 GB
Initial GC threshold: 21.00 MB
Current GC threshold: 99.00 MB
CDS: off
MetaspaceReclaimPolicy: balanced
 - commit_granule_bytes: 65536.
 - commit_granule_words: 8192.
 - virtual_space_node_default_size: 8388608.
 - enlarge_chunks_in_place: 1.
 - new_chunks_are_fully_committed: 0.
 - uncommit_free_chunks: 1.
 - use_allocation_guard: 0.
 - handle_deallocations: 1.


Internal statistics:

num_allocs_failed_limit: 8.
num_arena_births: 788.
num_arena_deaths: 286.
num_vsnodes_births: 2.
num_vsnodes_deaths: 0.
num_space_committed: 950.
num_space_uncommitted: 0.
num_chunks_returned_to_freelist: 339.
num_chunks_taken_from_freelist: 2793.
num_chunk_merges: 109.
num_chunk_splits: 1834.
num_chunks_enlarged: 1392.
num_inconsistent_stats: 0.

CodeCache: size=49152Kb used=19718Kb max_used=21138Kb free=29433Kb
 bounds [0x000002a5a0940000, 0x000002a5a1df0000, 0x000002a5a3940000]
 total_blobs=10740 nmethods=10057 adapters=608
 compilation: enabled
              stopped_count=0, restarted_count=0
 full_count=0

Compilation events (20 events):
Event: 2137.310 Thread 0x000002a5ad00cc20 10218       1       org.springframework.ide.vscode.commons.languageserver.composable.CompositeLanguageServerComponents$5::lambda$handle$0 (7 bytes)
Event: 2137.311 Thread 0x000002a5ad00cc20 nmethod 10218 0x000002a5a1cf8690 code [0x000002a5a1cf8820, 0x000002a5a1cf88e8]
Event: 2137.311 Thread 0x000002a5ad00cc20 10219       1       org.springframework.ide.vscode.commons.languageserver.composable.LanguageServerComponents::getInlayHintHandler (4 bytes)
Event: 2137.311 Thread 0x000002a5ad00cc20 nmethod 10219 0x000002a5a1cf8390 code [0x000002a5a1cf8520, 0x000002a5a1cf85f8]
Event: 2137.311 Thread 0x000002a5ad00cc20 10220       1       org.springframework.ide.vscode.commons.languageserver.composable.CompositeLanguageServerComponents$5$$Lambda$828/0x000000010055ac88::test (8 bytes)
Event: 2137.311 Thread 0x000002a5ad00cc20 nmethod 10220 0x000002a5a1cf8010 code [0x000002a5a1cf81a0, 0x000002a5a1cf82b8]
Event: 2137.311 Thread 0x000002a5ad00cc20 10221       1       org.springframework.ide.vscode.commons.languageserver.composable.CompositeLanguageServerComponents$5::lambda$handle$1 (5 bytes)
Event: 2137.311 Thread 0x000002a5ad00cc20 nmethod 10221 0x000002a5a1cf7d10 code [0x000002a5a1cf7ea0, 0x000002a5a1cf7f58]
Event: 2283.640 Thread 0x000002a5ad00cc20 10223       1       java.io.FileDescriptor$1::setHandle (6 bytes)
Event: 2283.640 Thread 0x000002a5ad00cc20 nmethod 10223 0x000002a5a1cf7590 code [0x000002a5a1cf7720, 0x000002a5a1cf7868]
Event: 2283.640 Thread 0x000002a5ad00cc20 10224       1       java.io.FileDescriptor::setHandle (33 bytes)
Event: 2283.640 Thread 0x000002a5ad00cc20 nmethod 10224 0x000002a5a1cf7210 code [0x000002a5a1cf73a0, 0x000002a5a1cf74e8]
Event: 2283.640 Thread 0x000002a5ad00cc20 10225       1       java.io.FileDescriptor$1::registerCleanup (5 bytes)
Event: 2283.640 Thread 0x000002a5ad00cc20 nmethod 10225 0x000002a5a1cf6f10 code [0x000002a5a1cf70a0, 0x000002a5a1cf7188]
Event: 2450.931 Thread 0x000002a5ad00cc20 10226       1       org.springframework.ide.vscode.commons.languageserver.util.ParentProcessWatcher::isWindows (30 bytes)
Event: 2450.933 Thread 0x000002a5ad00cc20 nmethod 10226 0x000002a5a1cf6710 code [0x000002a5a1cf6940, 0x000002a5a1cf6cc8]
Event: 2451.286 Thread 0x000002a5ad00cc20 10227   !   1       com.google.common.io.Closeables::close (37 bytes)
Event: 2451.357 Thread 0x000002a5ad00cc20 nmethod 10227 0x000002a5a1cf5f90 code [0x000002a5a1cf6180, 0x000002a5a1cf6528]
Event: 2472.145 Thread 0x000002a5ad00cc20 10228   !   1       java.lang.ref.Reference::processPendingReferences (118 bytes)
Event: 2472.147 Thread 0x000002a5ad00cc20 nmethod 10228 0x000002a5a1cf5390 code [0x000002a5a1cf55e0, 0x000002a5a1cf5c38]

GC Heap History (20 events):
Event: 2399.025 GC heap before
{Heap before GC invocations=148 (full 80):
 garbage-first heap   total 122880K, used 37343K [0x00000000c0000000, 0x0000000100000000)
  region size 1024K, 1 young (1024K), 0 survivors (0K)
 Metaspace       used 60346K, committed 60800K, reserved 1114112K
  class space    used 7544K, committed 7744K, reserved 1048576K
}
Event: 2399.117 GC heap after
{Heap after GC invocations=149 (full 81):
 garbage-first heap   total 122880K, used 37343K [0x00000000c0000000, 0x0000000100000000)
  region size 1024K, 0 young (0K), 0 survivors (0K)
 Metaspace       used 60346K, committed 60800K, reserved 1114112K
  class space    used 7544K, committed 7744K, reserved 1048576K
}
Event: 2409.463 GC heap before
{Heap before GC invocations=149 (full 81):
 garbage-first heap   total 122880K, used 37343K [0x00000000c0000000, 0x0000000100000000)
  region size 1024K, 1 young (1024K), 0 survivors (0K)
 Metaspace       used 60346K, committed 60800K, reserved 1114112K
  class space    used 7544K, committed 7744K, reserved 1048576K
}
Event: 2409.558 GC heap after
{Heap after GC invocations=150 (full 82):
 garbage-first heap   total 122880K, used 37343K [0x00000000c0000000, 0x0000000100000000)
  region size 1024K, 0 young (0K), 0 survivors (0K)
 Metaspace       used 60346K, committed 60800K, reserved 1114112K
  class space    used 7544K, committed 7744K, reserved 1048576K
}
Event: 2419.935 GC heap before
{Heap before GC invocations=150 (full 82):
 garbage-first heap   total 122880K, used 37343K [0x00000000c0000000, 0x0000000100000000)
  region size 1024K, 1 young (1024K), 0 survivors (0K)
 Metaspace       used 60346K, committed 60800K, reserved 1114112K
  class space    used 7544K, committed 7744K, reserved 1048576K
}
Event: 2420.012 GC heap after
{Heap after GC invocations=151 (full 83):
 garbage-first heap   total 122880K, used 37342K [0x00000000c0000000, 0x0000000100000000)
  region size 1024K, 0 young (0K), 0 survivors (0K)
 Metaspace       used 60346K, committed 60800K, reserved 1114112K
  class space    used 7544K, committed 7744K, reserved 1048576K
}
Event: 2430.387 GC heap before
{Heap before GC invocations=151 (full 83):
 garbage-first heap   total 122880K, used 37342K [0x00000000c0000000, 0x0000000100000000)
  region size 1024K, 1 young (1024K), 0 survivors (0K)
 Metaspace       used 60346K, committed 60800K, reserved 1114112K
  class space    used 7544K, committed 7744K, reserved 1048576K
}
Event: 2430.478 GC heap after
{Heap after GC invocations=152 (full 84):
 garbage-first heap   total 122880K, used 37342K [0x00000000c0000000, 0x0000000100000000)
  region size 1024K, 0 young (0K), 0 survivors (0K)
 Metaspace       used 60346K, committed 60800K, reserved 1114112K
  class space    used 7544K, committed 7744K, reserved 1048576K
}
Event: 2440.846 GC heap before
{Heap before GC invocations=152 (full 84):
 garbage-first heap   total 122880K, used 37342K [0x00000000c0000000, 0x0000000100000000)
  region size 1024K, 1 young (1024K), 0 survivors (0K)
 Metaspace       used 60346K, committed 60800K, reserved 1114112K
  class space    used 7544K, committed 7744K, reserved 1048576K
}
Event: 2440.917 GC heap after
{Heap after GC invocations=153 (full 85):
 garbage-first heap   total 122880K, used 37342K [0x00000000c0000000, 0x0000000100000000)
  region size 1024K, 0 young (0K), 0 survivors (0K)
 Metaspace       used 60346K, committed 60800K, reserved 1114112K
  class space    used 7544K, committed 7744K, reserved 1048576K
}
Event: 2451.286 GC heap before
{Heap before GC invocations=153 (full 85):
 garbage-first heap   total 122880K, used 37342K [0x00000000c0000000, 0x0000000100000000)
  region size 1024K, 1 young (1024K), 0 survivors (0K)
 Metaspace       used 60346K, committed 60800K, reserved 1114112K
  class space    used 7544K, committed 7744K, reserved 1048576K
}
Event: 2451.356 GC heap after
{Heap after GC invocations=154 (full 86):
 garbage-first heap   total 122880K, used 37342K [0x00000000c0000000, 0x0000000100000000)
  region size 1024K, 0 young (0K), 0 survivors (0K)
 Metaspace       used 60346K, committed 60800K, reserved 1114112K
  class space    used 7544K, committed 7744K, reserved 1048576K
}
Event: 2461.664 GC heap before
{Heap before GC invocations=154 (full 86):
 garbage-first heap   total 122880K, used 37342K [0x00000000c0000000, 0x0000000100000000)
  region size 1024K, 1 young (1024K), 0 survivors (0K)
 Metaspace       used 60346K, committed 60800K, reserved 1114112K
  class space    used 7544K, committed 7744K, reserved 1048576K
}
Event: 2461.718 GC heap after
{Heap after GC invocations=155 (full 87):
 garbage-first heap   total 122880K, used 37342K [0x00000000c0000000, 0x0000000100000000)
  region size 1024K, 0 young (0K), 0 survivors (0K)
 Metaspace       used 60346K, committed 60800K, reserved 1114112K
  class space    used 7544K, committed 7744K, reserved 1048576K
}
Event: 2472.052 GC heap before
{Heap before GC invocations=155 (full 87):
 garbage-first heap   total 122880K, used 37342K [0x00000000c0000000, 0x0000000100000000)
  region size 1024K, 1 young (1024K), 0 survivors (0K)
 Metaspace       used 60346K, committed 60800K, reserved 1114112K
  class space    used 7544K, committed 7744K, reserved 1048576K
}
Event: 2472.144 GC heap after
{Heap after GC invocations=156 (full 88):
 garbage-first heap   total 122880K, used 37342K [0x00000000c0000000, 0x0000000100000000)
  region size 1024K, 0 young (0K), 0 survivors (0K)
 Metaspace       used 60346K, committed 60800K, reserved 1114112K
  class space    used 7544K, committed 7744K, reserved 1048576K
}
Event: 2482.482 GC heap before
{Heap before GC invocations=156 (full 88):
 garbage-first heap   total 122880K, used 37342K [0x00000000c0000000, 0x0000000100000000)
  region size 1024K, 1 young (1024K), 0 survivors (0K)
 Metaspace       used 60346K, committed 60800K, reserved 1114112K
  class space    used 7544K, committed 7744K, reserved 1048576K
}
Event: 2482.554 GC heap after
{Heap after GC invocations=157 (full 89):
 garbage-first heap   total 122880K, used 37340K [0x00000000c0000000, 0x0000000100000000)
  region size 1024K, 0 young (0K), 0 survivors (0K)
 Metaspace       used 60346K, committed 60800K, reserved 1114112K
  class space    used 7544K, committed 7744K, reserved 1048576K
}
Event: 2492.906 GC heap before
{Heap before GC invocations=157 (full 89):
 garbage-first heap   total 122880K, used 37340K [0x00000000c0000000, 0x0000000100000000)
  region size 1024K, 1 young (1024K), 0 survivors (0K)
 Metaspace       used 60346K, committed 60800K, reserved 1114112K
  class space    used 7544K, committed 7744K, reserved 1048576K
}
Event: 2492.977 GC heap after
{Heap after GC invocations=158 (full 90):
 garbage-first heap   total 122880K, used 37340K [0x00000000c0000000, 0x0000000100000000)
  region size 1024K, 0 young (0K), 0 survivors (0K)
 Metaspace       used 60346K, committed 60800K, reserved 1114112K
  class space    used 7544K, committed 7744K, reserved 1048576K
}

Dll operation events (10 events):
Event: 0.009 Loaded shared library c:\Users\Drsil\.vscode\extensions\redhat.java-1.31.0-win32-x64\jre\17.0.11-win32-x86_64\bin\java.dll
Event: 0.364 Loaded shared library C:\Users\Drsil\.vscode\extensions\redhat.java-1.31.0-win32-x64\jre\17.0.11-win32-x86_64\bin\net.dll
Event: 0.366 Loaded shared library C:\Users\Drsil\.vscode\extensions\redhat.java-1.31.0-win32-x64\jre\17.0.11-win32-x86_64\bin\nio.dll
Event: 0.376 Loaded shared library C:\Users\Drsil\.vscode\extensions\redhat.java-1.31.0-win32-x64\jre\17.0.11-win32-x86_64\bin\zip.dll
Event: 1.058 Loaded shared library C:\Users\Drsil\.vscode\extensions\redhat.java-1.31.0-win32-x64\jre\17.0.11-win32-x86_64\bin\jimage.dll
Event: 4.729 Loaded shared library c:\Users\Drsil\.vscode\extensions\redhat.java-1.31.0-win32-x64\jre\17.0.11-win32-x86_64\bin\verify.dll
Event: 7.461 Loaded shared library C:\Users\Drsil\.vscode\extensions\redhat.java-1.31.0-win32-x64\jre\17.0.11-win32-x86_64\bin\management.dll
Event: 7.465 Loaded shared library C:\Users\Drsil\.vscode\extensions\redhat.java-1.31.0-win32-x64\jre\17.0.11-win32-x86_64\bin\management_ext.dll
Event: 8.819 Loaded shared library C:\Users\Drsil\.vscode\extensions\redhat.java-1.31.0-win32-x64\jre\17.0.11-win32-x86_64\bin\sunmscapi.dll
Event: 9.042 Loaded shared library C:\Users\Drsil\.vscode\extensions\redhat.java-1.31.0-win32-x64\jre\17.0.11-win32-x86_64\bin\extnet.dll

Deoptimization events (20 events):
Event: 9.320 Thread 0x000002a5ae8b8ed0 DEOPT PACKING pc=0x000002a5a10bff24 sp=0x000000d0d08ff390
Event: 9.320 Thread 0x000002a5ae8b8ed0 DEOPT UNPACKING pc=0x000002a5a099ace3 sp=0x000000d0d08fe878 mode 0
Event: 9.322 Thread 0x000002a5ae8bb750 DEOPT PACKING pc=0x000002a5a10bff24 sp=0x000000d0d06fee20
Event: 9.322 Thread 0x000002a5ae8bb750 DEOPT UNPACKING pc=0x000002a5a099ace3 sp=0x000000d0d06fe308 mode 0
Event: 76.371 Thread 0x000002a5ae8b84b0 DEOPT PACKING pc=0x000002a5a0eb9cc4 sp=0x000000d0d07fdd40
Event: 76.371 Thread 0x000002a5ae8b84b0 DEOPT UNPACKING pc=0x000002a5a099ace3 sp=0x000000d0d07fd200 mode 0
Event: 418.042 Thread 0x000002a5ae8b93e0 DEOPT PACKING pc=0x000002a5a11e058c sp=0x000000d0d02fe230
Event: 418.042 Thread 0x000002a5ae8b93e0 DEOPT UNPACKING pc=0x000002a5a099ace3 sp=0x000000d0d02fd798 mode 0
Event: 418.042 Thread 0x000002a5ae8b93e0 DEOPT PACKING pc=0x000002a5a0eb004c sp=0x000000d0d02fe360
Event: 418.042 Thread 0x000002a5ae8b93e0 DEOPT UNPACKING pc=0x000002a5a099ace3 sp=0x000000d0d02fd840 mode 0
Event: 418.042 Thread 0x000002a5ae8b93e0 DEOPT PACKING pc=0x000002a5a11e058c sp=0x000000d0d02fe490
Event: 418.042 Thread 0x000002a5ae8b93e0 DEOPT UNPACKING pc=0x000002a5a099ace3 sp=0x000000d0d02fd9f8 mode 0
Event: 418.042 Thread 0x000002a5ae8b93e0 DEOPT PACKING pc=0x000002a5a0eb004c sp=0x000000d0d02fe5c0
Event: 418.042 Thread 0x000002a5ae8b93e0 DEOPT UNPACKING pc=0x000002a5a099ace3 sp=0x000000d0d02fdab8 mode 0
Event: 418.045 Thread 0x000002a5ae8b93e0 DEOPT PACKING pc=0x000002a5a11e058c sp=0x000000d0d02fe930
Event: 418.045 Thread 0x000002a5ae8b93e0 DEOPT UNPACKING pc=0x000002a5a099ace3 sp=0x000000d0d02fde98 mode 0
Event: 418.045 Thread 0x000002a5ae8b93e0 DEOPT PACKING pc=0x000002a5a0eb004c sp=0x000000d0d02fea60
Event: 418.045 Thread 0x000002a5ae8b93e0 DEOPT UNPACKING pc=0x000002a5a099ace3 sp=0x000000d0d02fdf58 mode 0
Event: 959.415 Thread 0x000002a5ae691860 DEOPT PACKING pc=0x000002a5a0fe4dd4 sp=0x000000d0cfbff160
Event: 959.415 Thread 0x000002a5ae691860 DEOPT UNPACKING pc=0x000002a5a099ace3 sp=0x000000d0cfbfe5e8 mode 0

Classes unloaded (20 events):
Event: 758.901 Thread 0x000002a5a8ae0f40 Unloading class 0x000000010077fc00 'jdk/internal/reflect/GeneratedMethodAccessor17'
Event: 758.901 Thread 0x000002a5a8ae0f40 Unloading class 0x000000010077f800 'jdk/internal/reflect/GeneratedConstructorAccessor44'
Event: 758.901 Thread 0x000002a5a8ae0f40 Unloading class 0x000000010077f400 'jdk/internal/reflect/GeneratedMethodAccessor16'
Event: 758.901 Thread 0x000002a5a8ae0f40 Unloading class 0x000000010077f000 'jdk/internal/reflect/GeneratedConstructorAccessor43'
Event: 758.901 Thread 0x000002a5a8ae0f40 Unloading class 0x000000010077ec00 'jdk/internal/reflect/GeneratedMethodAccessor15'
Event: 758.901 Thread 0x000002a5a8ae0f40 Unloading class 0x000000010077e800 'jdk/internal/reflect/GeneratedMethodAccessor14'
Event: 758.901 Thread 0x000002a5a8ae0f40 Unloading class 0x000000010077e400 'jdk/internal/reflect/GeneratedMethodAccessor13'
Event: 2070.233 Thread 0x000002a5a8ae0f40 Unloading class 0x000000010078e800 'java/lang/invoke/LambdaForm$MH+0x000000010078e800'
Event: 2070.233 Thread 0x000002a5a8ae0f40 Unloading class 0x000000010078e400 'java/lang/invoke/LambdaForm$MH+0x000000010078e400'
Event: 2070.233 Thread 0x000002a5a8ae0f40 Unloading class 0x000000010078e000 'java/lang/invoke/LambdaForm$MH+0x000000010078e000'
Event: 2070.233 Thread 0x000002a5a8ae0f40 Unloading class 0x000000010078dc00 'java/lang/invoke/LambdaForm$MH+0x000000010078dc00'
Event: 2070.233 Thread 0x000002a5a8ae0f40 Unloading class 0x000000010078d800 'java/lang/invoke/LambdaForm$MH+0x000000010078d800'
Event: 2070.233 Thread 0x000002a5a8ae0f40 Unloading class 0x000000010078d400 'java/lang/invoke/LambdaForm$MH+0x000000010078d400'
Event: 2231.755 Thread 0x000002a5a8ae0f40 Unloading class 0x000000010078d000 'jdk/internal/reflect/GeneratedMethodAccessor31'
Event: 2231.755 Thread 0x000002a5a8ae0f40 Unloading class 0x000000010078cc00 'jdk/internal/reflect/GeneratedConstructorAccessor60'
Event: 2231.755 Thread 0x000002a5a8ae0f40 Unloading class 0x000000010077fc00 'jdk/internal/reflect/GeneratedMethodAccessor30'
Event: 2231.755 Thread 0x000002a5a8ae0f40 Unloading class 0x000000010077f800 'jdk/internal/reflect/GeneratedConstructorAccessor59'
Event: 2231.755 Thread 0x000002a5a8ae0f40 Unloading class 0x000000010077f400 'jdk/internal/reflect/GeneratedMethodAccessor29'
Event: 2231.756 Thread 0x000002a5a8ae0f40 Unloading class 0x000000010077f000 'jdk/internal/reflect/GeneratedMethodAccessor28'
Event: 2231.756 Thread 0x000002a5a8ae0f40 Unloading class 0x000000010077ec00 'jdk/internal/reflect/GeneratedMethodAccessor27'

Classes redefined (0 events):
No events

Internal exceptions (20 events):
Event: 8.523 Thread 0x000002a5ae953d50 Exception <a 'java/lang/NoSuchMethodError'{0x00000000c43a6b68}: 'java.lang.Object java.lang.invoke.Invokers$Holder.invoke_MT(java.lang.Object, java.lang.Object, java.lang.Object)'> (0x00000000c43a6b68) 
thrown [s\src\hotspot\share\interpreter\linkResolver.cpp, line 759]
Event: 8.673 Thread 0x000002a5ae9560c0 Exception <a 'java/lang/NoSuchMethodError'{0x00000000c352d418}: 'java.lang.Object java.lang.invoke.DirectMethodHandle$Holder.newInvokeSpecial(java.lang.Object, java.lang.Object, java.lang.Object, java.lang.Object, java.lang.Object, long)'> (0x00000000c352d418) 
thrown [s\src\hotspot\share\interpreter\linkResolver.cpp, line 759]
Event: 8.674 Thread 0x000002a5ae9560c0 Exception <a 'java/lang/NoSuchMethodError'{0x00000000c3531a88}: 'java.lang.Object java.lang.invoke.DirectMethodHandle$Holder.invokeSpecial(java.lang.Object, java.lang.Object, java.lang.Object, java.lang.Object, java.lang.Object, java.lang.Object, long)'> (0x00000000c3531a88) 
thrown [s\src\hotspot\share\interpreter\linkResolver.cpp, line 759]
Event: 8.692 Thread 0x000002a5ae958430 Exception <a 'java/lang/NoSuchMethodError'{0x00000000c34e56c0}: 'void java.lang.invoke.DirectMethodHandle$Holder.invokeVirtual(java.lang.Object, java.lang.Object, java.lang.Object, java.lang.Object)'> (0x00000000c34e56c0) 
thrown [s\src\hotspot\share\interpreter\linkResolver.cpp, line 759]
Event: 8.772 Thread 0x000002a5ae958430 Exception <a 'java/lang/NoSuchMethodError'{0x00000000c4f01940}: 'java.lang.Object java.lang.invoke.DirectMethodHandle$Holder.invokeStatic(java.lang.Object, java.lang.Object, int, java.lang.Object)'> (0x00000000c4f01940) 
thrown [s\src\hotspot\share\interpreter\linkResolver.cpp, line 759]
Event: 8.773 Thread 0x000002a5ae958430 Exception <a 'java/lang/NoSuchMethodError'{0x00000000c4f07d20}: 'java.lang.Object java.lang.invoke.DirectMethodHandle$Holder.newInvokeSpecial(java.lang.Object, java.lang.Object, int)'> (0x00000000c4f07d20) 
thrown [s\src\hotspot\share\interpreter\linkResolver.cpp, line 759]
Event: 8.884 Thread 0x000002a5ae958430 Exception <a 'sun/nio/fs/WindowsException'{0x00000000c42fbda0}> (0x00000000c42fbda0) 
thrown [s\src\hotspot\share\prims\jni.cpp, line 516]
Event: 8.931 Thread 0x000002a5ae953d50 Exception <a 'java/lang/IncompatibleClassChangeError'{0x00000000c3f92b50}: Found class java.lang.Object, but interface was expected> (0x00000000c3f92b50) 
thrown [s\src\hotspot\share\interpreter\linkResolver.cpp, line 826]
Event: 8.983 Thread 0x000002a5ae953d50 Exception <a 'java/lang/NoSuchMethodError'{0x00000000c4cd2158}: 'int java.lang.invoke.DirectMethodHandle$Holder.invokeSpecialIFC(java.lang.Object, java.lang.Object, java.lang.Object)'> (0x00000000c4cd2158) 
thrown [s\src\hotspot\share\interpreter\linkResolver.cpp, line 759]
Event: 9.149 Thread 0x000002a5ae953d50 Exception <a 'java/lang/NoSuchMethodError'{0x00000000c4092250}: 'int java.lang.invoke.DirectMethodHandle$Holder.invokeStatic(java.lang.Object, int, java.lang.Object)'> (0x00000000c4092250) 
thrown [s\src\hotspot\share\interpreter\linkResolver.cpp, line 759]
Event: 9.273 Thread 0x000002a5ae8b84b0 Exception <a 'java/lang/NoSuchMethodError'{0x00000000c5003378}: 'void java.lang.invoke.DirectMethodHandle$Holder.invokeStatic(java.lang.Object, java.lang.Object, java.lang.Object, java.lang.Object, java.lang.Object, java.lang.Object, java.lang.Object)'> (0x00000000c5003378) 
thrown [s\src\hotspot\share\interpreter\linkResolver.cpp, line 759]
Event: 58.506 Thread 0x000002a5ae8bb750 Exception <a 'java/lang/NoSuchMethodError'{0x00000000c556f538}: 'java.lang.Object java.lang.invoke.DirectMethodHandle$Holder.newInvokeSpecial(java.lang.Object, java.lang.Object, int, java.lang.Object)'> (0x00000000c556f538) 
thrown [s\src\hotspot\share\interpreter\linkResolver.cpp, line 759]
Event: 58.507 Thread 0x000002a5ae8bb750 Exception <a 'java/lang/NoSuchMethodError'{0x00000000c5572e58}: 'java.lang.Object java.lang.invoke.Invokers$Holder.linkToTargetMethod(java.lang.Object, int, java.lang.Object, java.lang.Object)'> (0x00000000c5572e58) 
thrown [s\src\hotspot\share\interpreter\linkResolver.cpp, line 759]
Event: 309.989 Thread 0x000002a5ae953840 Exception <a 'java/io/IOException'{0x00000000c42b2ba0}> (0x00000000c42b2ba0) 
thrown [s\src\hotspot\share\prims\jni.cpp, line 516]
Event: 310.236 Thread 0x000002a5ae957500 Exception <a 'java/io/IOException'{0x00000000c42c70c8}> (0x00000000c42c70c8) 
thrown [s\src\hotspot\share\prims\jni.cpp, line 516]
Event: 310.840 Thread 0x000002a5ae954260 Exception <a 'java/io/IOException'{0x00000000c3e40a50}> (0x00000000c3e40a50) 
thrown [s\src\hotspot\share\prims\jni.cpp, line 516]
Event: 748.190 Thread 0x000002a5ae7cb070 Exception <a 'java/lang/NoSuchMethodError'{0x00000000c4b3c3f8}: 'void java.lang.invoke.DirectMethodHandle$Holder.invokeStatic(java.lang.Object, long)'> (0x00000000c4b3c3f8) 
thrown [s\src\hotspot\share\interpreter\linkResolver.cpp, line 759]
Event: 748.191 Thread 0x000002a5ae7cb070 Exception <a 'java/lang/NoSuchMethodError'{0x00000000c4b418c8}: 'java.lang.Object java.lang.invoke.DirectMethodHandle$Holder.newInvokeSpecial(java.lang.Object, long)'> (0x00000000c4b418c8) 
thrown [s\src\hotspot\share\interpreter\linkResolver.cpp, line 759]
Event: 1976.405 Thread 0x000002a5ae956ae0 Exception <a 'java/lang/ArrayIndexOutOfBoundsException'{0x00000000c59eb580}> (0x00000000c59eb580) 
thrown [s\src\hotspot\share\runtime\sharedRuntime.cpp, line 631]
Event: 1976.405 Thread 0x000002a5ae957a10 Exception <a 'java/lang/ArrayIndexOutOfBoundsException'{0x00000000c5811210}> (0x00000000c5811210) 
thrown [s\src\hotspot\share\runtime\sharedRuntime.cpp, line 631]

VM Operations (20 events):
Event: 2399.118 Executing VM operation: G1CollectFull done
Event: 2409.463 Executing VM operation: G1CollectFull
Event: 2409.558 Executing VM operation: G1CollectFull done
Event: 2419.935 Executing VM operation: G1CollectFull
Event: 2420.012 Executing VM operation: G1CollectFull done
Event: 2430.387 Executing VM operation: G1CollectFull
Event: 2430.479 Executing VM operation: G1CollectFull done
Event: 2440.846 Executing VM operation: G1CollectFull
Event: 2440.917 Executing VM operation: G1CollectFull done
Event: 2451.286 Executing VM operation: G1CollectFull
Event: 2451.356 Executing VM operation: G1CollectFull done
Event: 2461.664 Executing VM operation: G1CollectFull
Event: 2461.718 Executing VM operation: G1CollectFull done
Event: 2472.052 Executing VM operation: G1CollectFull
Event: 2472.145 Executing VM operation: G1CollectFull done
Event: 2482.482 Executing VM operation: G1CollectFull
Event: 2482.555 Executing VM operation: G1CollectFull done
Event: 2492.905 Executing VM operation: G1CollectFull
Event: 2492.978 Executing VM operation: G1CollectFull done
Event: 2503.106 Executing VM operation: G1CollectFull

Events (20 events):
Event: 1984.596 Thread 0x000002a5af66b540 Thread exited: 0x000002a5af66b540
Event: 1990.490 Thread 0x000002a5af66b020 Thread exited: 0x000002a5af66b020
Event: 1990.490 Thread 0x000002a5ae8e6fa0 Thread exited: 0x000002a5ae8e6fa0
Event: 2046.217 Thread 0x000002a5ae9519e0 Thread added: 0x000002a5ae9519e0
Event: 2070.197 Thread 0x000002a5af66b020 Thread added: 0x000002a5af66b020
Event: 2070.197 Thread 0x000002a5af66b540 Thread added: 0x000002a5af66b540
Event: 2071.721 Thread 0x000002a5ae951ef0 Thread added: 0x000002a5ae951ef0
Event: 2073.683 Thread 0x000002a5af66b540 Thread exited: 0x000002a5af66b540
Event: 2074.123 Thread 0x000002a5af66b020 Thread exited: 0x000002a5af66b020
Event: 2131.738 Thread 0x000002a5ae957a10 Thread exited: 0x000002a5ae957a10
Event: 2172.761 Thread 0x000002a5ae956ae0 Thread exited: 0x000002a5ae956ae0
Event: 2174.119 Thread 0x000002a5ae956ff0 Thread exited: 0x000002a5ae956ff0
Event: 2174.243 Thread 0x000002a5ae9519e0 Thread exited: 0x000002a5ae9519e0
Event: 2191.304 Thread 0x000002a5ae958430 Thread exited: 0x000002a5ae958430
Event: 2197.311 Thread 0x000002a5ae951ef0 Thread exited: 0x000002a5ae951ef0
Event: 2234.130 Thread 0x000002a5ae952910 Thread exited: 0x000002a5ae952910
Event: 2294.138 Thread 0x000002a5ae958e50 Thread exited: 0x000002a5ae958e50
Event: 2354.149 Thread 0x000002a5ae955190 Thread exited: 0x000002a5ae955190
Event: 2414.165 Thread 0x000002a5ae958940 Thread exited: 0x000002a5ae958940
Event: 2474.178 Thread 0x000002a5ae957f20 Thread exited: 0x000002a5ae957f20


Dynamic libraries:
0x00007ff61bf70000 - 0x00007ff61bf7e000 	c:\Users\Drsil\.vscode\extensions\redhat.java-1.31.0-win32-x64\jre\17.0.11-win32-x86_64\bin\java.exe
0x00007ffce69d0000 - 0x00007ffce6be7000 	C:\Windows\SYSTEM32\ntdll.dll
0x00007ffce5d70000 - 0x00007ffce5e34000 	C:\Windows\System32\KERNEL32.DLL
0x00007ffce41b0000 - 0x00007ffce4557000 	C:\Windows\System32\KERNELBASE.dll
0x00007ffce3f70000 - 0x00007ffce4081000 	C:\Windows\System32\ucrtbase.dll
0x00007ffcccff0000 - 0x00007ffccd007000 	c:\Users\Drsil\.vscode\extensions\redhat.java-1.31.0-win32-x64\jre\17.0.11-win32-x86_64\bin\jli.dll
0x00007ffcccfd0000 - 0x00007ffcccfeb000 	c:\Users\Drsil\.vscode\extensions\redhat.java-1.31.0-win32-x64\jre\17.0.11-win32-x86_64\bin\VCRUNTIME140.dll
0x00007ffce6790000 - 0x00007ffce693e000 	C:\Windows\System32\USER32.dll
0x00007ffce4650000 - 0x00007ffce4676000 	C:\Windows\System32\win32u.dll
0x00007ffce6400000 - 0x00007ffce6429000 	C:\Windows\System32\GDI32.dll
0x00007ffccfb90000 - 0x00007ffccfe23000 	C:\Windows\WinSxS\amd64_microsoft.windows.common-controls_6595b64144ccf1df_6.0.22621.3527_none_270e469b73872a76\COMCTL32.dll
0x00007ffce4090000 - 0x00007ffce41a9000 	C:\Windows\System32\gdi32full.dll
0x00007ffce3cf0000 - 0x00007ffce3d8a000 	C:\Windows\System32\msvcp_win.dll
0x00007ffce5ff0000 - 0x00007ffce6097000 	C:\Windows\System32\msvcrt.dll
0x00007ffce6530000 - 0x00007ffce6561000 	C:\Windows\System32\IMM32.DLL
0x00007ffcdc8d0000 - 0x00007ffcdc8dc000 	c:\Users\Drsil\.vscode\extensions\redhat.java-1.31.0-win32-x64\jre\17.0.11-win32-x86_64\bin\vcruntime140_1.dll
0x00007ffc9e8d0000 - 0x00007ffc9e95d000 	c:\Users\Drsil\.vscode\extensions\redhat.java-1.31.0-win32-x64\jre\17.0.11-win32-x86_64\bin\msvcp140.dll
0x00007ffc67170000 - 0x00007ffc67dd2000 	c:\Users\Drsil\.vscode\extensions\redhat.java-1.31.0-win32-x64\jre\17.0.11-win32-x86_64\bin\server\jvm.dll
0x00007ffce6340000 - 0x00007ffce63f2000 	C:\Windows\System32\ADVAPI32.dll
0x00007ffce5eb0000 - 0x00007ffce5f58000 	C:\Windows\System32\sechost.dll
0x00007ffce4560000 - 0x00007ffce4588000 	C:\Windows\System32\bcrypt.dll
0x00007ffce6670000 - 0x00007ffce6785000 	C:\Windows\System32\RPCRT4.dll
0x00007ffce1680000 - 0x00007ffce16b4000 	C:\Windows\SYSTEM32\WINMM.dll
0x00007ffce3b00000 - 0x00007ffce3b4d000 	C:\Windows\SYSTEM32\POWRPROF.dll
0x00007ffcb5680000 - 0x00007ffcb5689000 	C:\Windows\SYSTEM32\WSOCK32.dll
0x00007ffcdec00000 - 0x00007ffcdec0a000 	C:\Windows\SYSTEM32\VERSION.dll
0x00007ffce5f70000 - 0x00007ffce5fe1000 	C:\Windows\System32\WS2_32.dll
0x00007ffce39e0000 - 0x00007ffce39f3000 	C:\Windows\SYSTEM32\UMPDC.dll
0x00007ffce2c40000 - 0x00007ffce2c58000 	C:\Windows\SYSTEM32\kernel.appcore.dll
0x00007ffcdc7f0000 - 0x00007ffcdc7fa000 	c:\Users\Drsil\.vscode\extensions\redhat.java-1.31.0-win32-x64\jre\17.0.11-win32-x86_64\bin\jimage.dll
0x00007ffce1370000 - 0x00007ffce15a2000 	C:\Windows\SYSTEM32\DBGHELP.DLL
0x00007ffce5830000 - 0x00007ffce5bb8000 	C:\Windows\System32\combase.dll
0x00007ffce6590000 - 0x00007ffce6667000 	C:\Windows\System32\OLEAUT32.dll
0x00007ffce1640000 - 0x00007ffce1672000 	C:\Windows\SYSTEM32\dbgcore.DLL
0x00007ffce4680000 - 0x00007ffce46f9000 	C:\Windows\System32\bcryptPrimitives.dll
0x00007ffcb5c50000 - 0x00007ffcb5c75000 	c:\Users\Drsil\.vscode\extensions\redhat.java-1.31.0-win32-x64\jre\17.0.11-win32-x86_64\bin\java.dll
0x00007ffcc3da0000 - 0x00007ffcc3db8000 	c:\Users\Drsil\.vscode\extensions\redhat.java-1.31.0-win32-x64\jre\17.0.11-win32-x86_64\bin\zip.dll
0x00007ffce4d30000 - 0x00007ffce558c000 	C:\Windows\System32\SHELL32.dll
0x00007ffce1be0000 - 0x00007ffce24d6000 	C:\Windows\SYSTEM32\windows.storage.dll
0x00007ffce1aa0000 - 0x00007ffce1bde000 	C:\Windows\SYSTEM32\wintypes.dll
0x00007ffce4b80000 - 0x00007ffce4c75000 	C:\Windows\System32\SHCORE.dll
0x00007ffce60a0000 - 0x00007ffce60fe000 	C:\Windows\System32\shlwapi.dll
0x00007ffce3c20000 - 0x00007ffce3c41000 	C:\Windows\SYSTEM32\profapi.dll
0x00007ffcc3ad0000 - 0x00007ffcc3ae9000 	C:\Users\Drsil\.vscode\extensions\redhat.java-1.31.0-win32-x64\jre\17.0.11-win32-x86_64\bin\net.dll
0x00007ffce01b0000 - 0x00007ffce02e6000 	C:\Windows\SYSTEM32\WINHTTP.dll
0x00007ffce3160000 - 0x00007ffce31c9000 	C:\Windows\system32\mswsock.dll
0x00007ffcc3a60000 - 0x00007ffcc3a76000 	C:\Users\Drsil\.vscode\extensions\redhat.java-1.31.0-win32-x64\jre\17.0.11-win32-x86_64\bin\nio.dll
0x00007ffcda0e0000 - 0x00007ffcda0f0000 	c:\Users\Drsil\.vscode\extensions\redhat.java-1.31.0-win32-x64\jre\17.0.11-win32-x86_64\bin\verify.dll
0x00007ffce33c0000 - 0x00007ffce33db000 	C:\Windows\SYSTEM32\CRYPTSP.dll
0x00007ffce2c60000 - 0x00007ffce2c95000 	C:\Windows\system32\rsaenh.dll
0x00007ffce3260000 - 0x00007ffce3288000 	C:\Windows\SYSTEM32\USERENV.dll
0x00007ffce33e0000 - 0x00007ffce33ec000 	C:\Windows\SYSTEM32\CRYPTBASE.dll
0x00007ffce2740000 - 0x00007ffce276d000 	C:\Windows\SYSTEM32\IPHLPAPI.DLL
0x00007ffce5f60000 - 0x00007ffce5f69000 	C:\Windows\System32\NSI.dll
0x00007ffcdfbe0000 - 0x00007ffcdfbf9000 	C:\Windows\SYSTEM32\dhcpcsvc6.DLL
0x00007ffcdf810000 - 0x00007ffcdf82f000 	C:\Windows\SYSTEM32\dhcpcsvc.DLL
0x00007ffce27b0000 - 0x00007ffce28a8000 	C:\Windows\SYSTEM32\DNSAPI.dll
0x00007ffcda050000 - 0x00007ffcda059000 	C:\Users\Drsil\.vscode\extensions\redhat.java-1.31.0-win32-x64\jre\17.0.11-win32-x86_64\bin\management.dll
0x00007ffcd9170000 - 0x00007ffcd917b000 	C:\Users\Drsil\.vscode\extensions\redhat.java-1.31.0-win32-x64\jre\17.0.11-win32-x86_64\bin\management_ext.dll
0x00007ffce4d20000 - 0x00007ffce4d28000 	C:\Windows\System32\PSAPI.DLL
0x00007ffcd8dc0000 - 0x00007ffcd8dce000 	C:\Users\Drsil\.vscode\extensions\redhat.java-1.31.0-win32-x64\jre\17.0.11-win32-x86_64\bin\sunmscapi.dll
0x00007ffce3e00000 - 0x00007ffce3f68000 	C:\Windows\System32\CRYPT32.dll
0x00007ffce35a0000 - 0x00007ffce35ce000 	C:\Windows\SYSTEM32\ncrypt.dll
0x00007ffce3560000 - 0x00007ffce3597000 	C:\Windows\SYSTEM32\NTASN1.dll
0x00007ffcdeea0000 - 0x00007ffcdeeaa000 	C:\Windows\System32\rasadhlp.dll
0x00007ffcdead0000 - 0x00007ffcdeb53000 	C:\Windows\System32\fwpuclnt.dll
0x00007ffccf250000 - 0x00007ffccf259000 	C:\Users\Drsil\.vscode\extensions\redhat.java-1.31.0-win32-x64\jre\17.0.11-win32-x86_64\bin\extnet.dll

dbghelp: loaded successfully - version: 4.0.5 - missing functions: none
symbol engine: initialized successfully - sym options: 0x614 - pdb path: .;c:\Users\Drsil\.vscode\extensions\redhat.java-1.31.0-win32-x64\jre\17.0.11-win32-x86_64\bin;C:\Windows\SYSTEM32;C:\Windows\WinSxS\amd64_microsoft.windows.common-controls_6595b64144ccf1df_6.0.22621.3527_none_270e469b73872a76;c:\Users\Drsil\.vscode\extensions\redhat.java-1.31.0-win32-x64\jre\17.0.11-win32-x86_64\bin\server

VM Arguments:
jvm_args: -Xmx1024m -Dsts.lsp.client=vscode -Dsts.log.file=/dev/null -XX:TieredStopAtLevel=1 -Xlog:jni+resolve=off -Dspring.config.location=file:c:\Users\Drsil\.vscode\extensions\vmware.vscode-spring-boot-1.55.0\language-server\BOOT-INF\classes\application.properties 
java_command: org.springframework.ide.vscode.boot.app.BootLanguageServerBootApp
java_class_path (initial): c:\Users\Drsil\.vscode\extensions\vmware.vscode-spring-boot-1.55.0\language-server\BOOT-INF\classes;c:\Users\Drsil\.vscode\extensions\vmware.vscode-spring-boot-1.55.0\language-server\BOOT-INF\lib\annotations-24.1.0.jar;c:\Users\Drsil\.vscode\extensions\vmware.vscode-spring-boot-1.55.0\language-server\BOOT-INF\lib\antlr4-runtime-4.13.1.jar;c:\Users\Drsil\.vscode\extensions\vmware.vscode-spring-boot-1.55.0\language-server\BOOT-INF\lib\asm-9.7.jar;c:\Users\Drsil\.vscode\extensions\vmware.vscode-spring-boot-1.55.0\language-server\BOOT-INF\lib\asm-analysis-9.7.jar;c:\Users\Drsil\.vscode\extensions\vmware.vscode-spring-boot-1.55.0\language-server\BOOT-INF\lib\asm-tree-9.7.jar;c:\Users\Drsil\.vscode\extensions\vmware.vscode-spring-boot-1.55.0\language-server\BOOT-INF\lib\asm-util-9.7.jar;c:\Users\Drsil\.vscode\extensions\vmware.vscode-spring-boot-1.55.0\language-server\BOOT-INF\lib\caffeine-3.1.8.jar;c:\Users\Drsil\.vscode\extensions\vmware.vscode-spring-boot-1.55.0\language-server\BOOT-INF\lib\checker-qual-3.12.0.jar;c:\Users\Drsil\.vscode\extensions\vmware.vscode-spring-boot-1.55.0\language-server\BOOT-INF\lib\classgraph-4.8.149.jar;c:\Users\Drsil\.vscode\extensions\vmware.vscode-spring-boot-1.55.0\language-server\BOOT-INF\lib\commons-codec-1.16.1.jar;c:\Users\Drsil\.vscode\extensions\vmware.vscode-spring-boot-1.55.0\language-server\BOOT-INF\lib\commons-compress-1.26.1.jar;c:\Users\Drsil\.vscode\extensions\vmware.vscode-spring-boot-1.55.0\language-server\BOOT-INF\lib\commons-io-2.16.1.jar;c:\Users\Drsil\.vscode\extensions\vmware.vscode-spring-boot-1.55.0\language-server\BOOT-INF\lib\commons-java-1.55.0-SNAPSHOT.jar;c:\Users\Drsil\.vscode\extensions\vmware.vscode-spring-boot-1.55.0\language-server\BOOT-INF\lib\commons-lang3-3.14.0.jar;c:\Users\Drsil\.vscode\extensions\vmware.vscode-spring-boot-1.55.0\language-server\BOOT-INF\lib\commons-language-server-1.55.0-SNAPSHOT.jar;c:\Users\Drsil\.vscode\extensions\vmware.vscode-spring-boot-1.55.0\langu
Launcher Type: SUN_STANDARD

[Global flags]
     intx CICompilerCount                          = 4                                         {product} {ergonomic}
     uint ConcGCThreads                            = 2                                         {product} {ergonomic}
     uint G1ConcRefinementThreads                  = 8                                         {product} {ergonomic}
   size_t G1HeapRegionSize                         = 1048576                                   {product} {ergonomic}
    uintx GCDrainStackTargetSize                   = 64                                        {product} {ergonomic}
   size_t InitialHeapSize                          = 130023424                                 {product} {ergonomic}
   size_t MarkStackSize                            = 4194304                                   {product} {ergonomic}
   size_t MaxHeapSize                              = 1073741824                                {product} {command line}
   size_t MaxNewSize                               = 643825664                                 {product} {ergonomic}
   size_t MinHeapDeltaBytes                        = 1048576                                   {product} {ergonomic}
   size_t MinHeapSize                              = 8388608                                   {product} {ergonomic}
    uintx NonProfiledCodeHeapSize                  = 0                                      {pd product} {ergonomic}
     bool ProfileInterpreter                       = false                                  {pd product} {command line}
    uintx ProfiledCodeHeapSize                     = 0                                      {pd product} {ergonomic}
   size_t SoftMaxHeapSize                          = 1073741824                             {manageable} {ergonomic}
     intx TieredStopAtLevel                        = 1                                         {product} {command line}
     bool UseCompressedClassPointers               = true                           {product lp64_product} {ergonomic}
     bool UseCompressedOops                        = true                           {product lp64_product} {ergonomic}
     bool UseG1GC                                  = true                                      {product} {ergonomic}
     bool UseLargePagesIndividualAllocation        = false                                  {pd product} {ergonomic}

Logging:
Log output configuration:
 #0: stdout all=warning,jni+resolve=off uptime,level,tags
 #1: stderr all=off uptime,level,tags

Environment Variables:
PATH=C:\Program Files\Common Files\Oracle\Java\javapath;C:\Windows\system32;C:\Windows;C:\Windows\System32\Wbem;C:\Windows\System32\WindowsPowerShell\v1.0\;C:\Windows\System32\OpenSSH\;C:\Program Files\dotnet\;C:\Program Files\Git\cmd;C:\Program Files\nodejs\;C:\Program Files\Amazon\AWSCLIV2\;C:\Program Files\MySQL\MySQL Shell 8.0\bin\;C:\Users\Drsil\AppData\Local\Microsoft\WindowsApps;C:\Users\Drsil\AppData\Local\Programs\Microsoft VS Code\bin;C:\Users\Drsil\AppData\Roaming\npm;C:\Program Files\nodejs;
USERNAME=Drsil
OS=Windows_NT
PROCESSOR_IDENTIFIER=Intel64 Family 6 Model 140 Stepping 1, GenuineIntel
TMP=C:\Users\Drsil\AppData\Local\Temp
TEMP=C:\Users\Drsil\AppData\Local\Temp



Periodic native trim disabled


---------------  S Y S T E M  ---------------

OS:
 Windows 11 , 64 bit Build 22621 (10.0.22621.3527)
OS uptime: 13 days 11:14 hours
Hyper-V role detected

CPU: total 8 (initial active 8) (4 cores per cpu, 2 threads per core) family 6 model 140 stepping 1 microcode 0xb4, cx8, cmov, fxsr, ht, mmx, 3dnowpref, sse, sse2, sse3, ssse3, sse4.1, sse4.2, popcnt, lzcnt, tsc, tscinvbit, avx, avx2, aes, erms, clmul, bmi1, bmi2, adx, avx512f, avx512dq, avx512cd, avx512bw, avx512vl, sha, fma, vzeroupper, avx512_vpopcntdq, avx512_vpclmulqdq, avx512_vaes, avx512_vnni, clflush, clflushopt, clwb, avx512_vbmi2, avx512_vbmi, hv
Processor Information for processor 0
  Max Mhz: 2419, Current Mhz: 2419, Mhz Limit: 2419
Processor Information for processor 1
  Max Mhz: 2419, Current Mhz: 2419, Mhz Limit: 2419
Processor Information for processor 2
  Max Mhz: 2419, Current Mhz: 2419, Mhz Limit: 2419
Processor Information for processor 3
  Max Mhz: 2419, Current Mhz: 1209, Mhz Limit: 2419
Processor Information for processor 4
  Max Mhz: 2419, Current Mhz: 1209, Mhz Limit: 2419
Processor Information for processor 5
  Max Mhz: 2419, Current Mhz: 1209, Mhz Limit: 2419
Processor Information for processor 6
  Max Mhz: 2419, Current Mhz: 2419, Mhz Limit: 2419
Processor Information for processor 7
  Max Mhz: 2419, Current Mhz: 2419, Mhz Limit: 2419

Memory: 4k page, system-wide physical 7926M (711M free)
TotalPageFile size 32502M (AvailPageFile size 6M)
current process WorkingSet (physical memory assigned to process): 206M, peak: 256M
current process commit charge ("private bytes"): 302M, peak: 322M

vm_info: OpenJDK 64-Bit Server VM (17.0.11+9) for windows-amd64 JRE (17.0.11+9), built on Apr 17 2024 06:07:48 by "admin" with MS VC++ 16.10 / 16.11 (VS2019)

END.
