#
# There is insufficient memory for the Java Runtime Environment to continue.
# Native memory allocation (malloc) failed to allocate 1574688 bytes. Error detail: Chunk::new
# Possible reasons:
#   The system is out of physical RAM or swap space
#   This process is running with CompressedOops enabled, and the Java Heap may be blocking the growth of the native heap
# Possible solutions:
#   Reduce memory load on the system
#   Increase physical memory or swap space
#   Check if swap backing store is full
#   Decrease Java heap size (-Xmx/-Xms)
#   Decrease number of Java threads
#   Decrease Java thread stack sizes (-Xss)
#   Set larger code cache with -XX:ReservedCodeCacheSize=
#   JVM is running with Unscaled Compressed Oops mode in which the Java heap is
#     placed in the first 4GB address space. The Java Heap base address is the
#     maximum limit for the native heap growth. Please use -XX:HeapBaseMinAddress
#     to set the Java Heap base and to place the Java Heap above 4GB virtual address.
# This output file may be truncated or incomplete.
#
#  Out of Memory Error (arena.cpp:191), pid=17836, tid=40216
#
# JRE version: OpenJDK Runtime Environment Temurin-17.0.11+9 (17.0.11+9) (build 17.0.11+9)
# Java VM: OpenJDK 64-Bit Server VM Temurin-17.0.11+9 (17.0.11+9, mixed mode, tiered, compressed oops, compressed class ptrs, parallel gc, windows-amd64)
# No core dump will be written. Minidumps are not enabled by default on client versions of Windows
#

---------------  S U M M A R Y ------------

Command Line: --add-modules=ALL-SYSTEM --add-opens=java.base/java.util=ALL-UNNAMED --add-opens=java.base/java.lang=ALL-UNNAMED --add-opens=java.base/sun.nio.fs=ALL-UNNAMED -Declipse.application=org.eclipse.jdt.ls.core.id1 -Dosgi.bundles.defaultStartLevel=4 -Declipse.product=org.eclipse.jdt.ls.core.product -Djava.import.generatesMetadataFilesAtProjectRoot=false -DDetectVMInstallationsJob.disabled=true -Dfile.encoding=utf8 -XX:+UseParallelGC -XX:GCTimeRatio=4 -XX:AdaptiveSizePolicyWeight=90 -Dsun.zip.disableMemoryMapping=true -Xmx1G -Xms100m -Xlog:disable -javaagent:c:\Users\Drsil\.vscode\extensions\redhat.java-1.31.0-win32-x64\lombok\lombok-1.18.32.jar -XX:+HeapDumpOnOutOfMemoryError -XX:HeapDumpPath=c:\Users\Drsil\AppData\Roaming\Code\User\workspaceStorage\87b53a63c644b581e60df6ba926b3f90\redhat.java -Daether.dependencyCollector.impl=bf c:\Users\Drsil\.vscode\extensions\redhat.java-1.31.0-win32-x64\server\plugins\org.eclipse.equinox.launcher_1.6.800.v20240513-1750.jar -configuration c:\Users\Drsil\AppData\Roaming\Code\User\globalStorage\redhat.java\1.31.0\config_win -data c:\Users\Drsil\AppData\Roaming\Code\User\workspaceStorage\87b53a63c644b581e60df6ba926b3f90\redhat.java\jdt_ws --pipe=\\.\pipe\lsp-87c19950f82de763b63540dc9f4e71eb-sock

Host: 11th Gen Intel(R) Core(TM) i5-1135G7 @ 2.40GHz, 8 cores, 7G,  Windows 11 , 64 bit Build 22621 (10.0.22621.3527)
Time: Sat Jun 15 20:59:16 2024 Hora oficial do Brasil elapsed time: 361.083191 seconds (0d 0h 6m 1s)

---------------  T H R E A D  ---------------

Current thread (0x000002797ba114a0):  JavaThread "C2 CompilerThread0" daemon [_thread_in_native, id=40216, stack(0x0000008a31a00000,0x0000008a31b00000)]


Current CompileTask:
C2: 361083 18131   !   4       org.eclipse.jdt.internal.compiler.lookup.BinaryTypeBinding::cachePartsFrom (2242 bytes)

Stack: [0x0000008a31a00000,0x0000008a31b00000]
Native frames: (J=compiled Java code, j=interpreted, Vv=VM code, C=native code)
V  [jvm.dll+0x67d429]
V  [jvm.dll+0x834b7a]
V  [jvm.dll+0x83663e]
V  [jvm.dll+0x836ca3]
V  [jvm.dll+0x247dbf]
V  [jvm.dll+0xac534]
V  [jvm.dll+0xacb7c]
V  [jvm.dll+0x366647]
V  [jvm.dll+0x330bba]
V  [jvm.dll+0x33005a]
V  [jvm.dll+0x21a471]
V  [jvm.dll+0x2198b1]
V  [jvm.dll+0x1a534d]
V  [jvm.dll+0x2295cd]
V  [jvm.dll+0x22779c]
V  [jvm.dll+0x7e9d07]
V  [jvm.dll+0x7e410a]
V  [jvm.dll+0x67c315]
C  [ucrtbase.dll+0x29333]
C  [KERNEL32.DLL+0x1257d]
C  [ntdll.dll+0x5aa48]


---------------  P R O C E S S  ---------------

Threads class SMR info:
_java_thread_list=0x000002797cca3d20, length=44, elements={
0x000002796fb557c0, 0x000002796fbfea10, 0x0000027976913520, 0x000002797ba09f20,
0x000002797ba0a8f0, 0x000002797ba0d3d0, 0x000002797ba0dea0, 0x000002797ba114a0,
0x000002797ba12740, 0x000002797ba16690, 0x000002796fbb6e40, 0x000002797bca2c00,
0x000002797d31c320, 0x000002797d52ec50, 0x000002797d52f130, 0x000002797da94210,
0x000002797db6e9e0, 0x000002797babd2f0, 0x000002797babe220, 0x000002797babb490,
0x000002797babbeb0, 0x000002797babc3c0, 0x000002797ef82300, 0x000002797ef7fa80,
0x000002797ef804a0, 0x000002797ef864d0, 0x000002797ef855a0, 0x000002797ef82810,
0x000002797ef809b0, 0x000002797ef7ff90, 0x000002797ef7f570, 0x000002797ef82d20,
0x000002797ef83740, 0x000002797ef813d0, 0x000002797ef84160, 0x000002797ef84b80,
0x000002797ef85ab0, 0x000002797babc8d0, 0x000002790ff5a670, 0x000002790ff59740,
0x000002790ff5e840, 0x000002790ff5bfc0, 0x000002790ff578e0, 0x000002790ff5f260
}

Java Threads: ( => current thread )
  0x000002796fb557c0 JavaThread "main" [_thread_blocked, id=36020, stack(0x0000008a31100000,0x0000008a31200000)]
  0x000002796fbfea10 JavaThread "Reference Handler" daemon [_thread_blocked, id=9604, stack(0x0000008a31400000,0x0000008a31500000)]
  0x0000027976913520 JavaThread "Finalizer" daemon [_thread_blocked, id=2836, stack(0x0000008a31500000,0x0000008a31600000)]
  0x000002797ba09f20 JavaThread "Signal Dispatcher" daemon [_thread_blocked, id=18304, stack(0x0000008a31600000,0x0000008a31700000)]
  0x000002797ba0a8f0 JavaThread "Attach Listener" daemon [_thread_blocked, id=25680, stack(0x0000008a31700000,0x0000008a31800000)]
  0x000002797ba0d3d0 JavaThread "Service Thread" daemon [_thread_blocked, id=29444, stack(0x0000008a31800000,0x0000008a31900000)]
  0x000002797ba0dea0 JavaThread "Monitor Deflation Thread" daemon [_thread_blocked, id=37480, stack(0x0000008a31900000,0x0000008a31a00000)]
=>0x000002797ba114a0 JavaThread "C2 CompilerThread0" daemon [_thread_in_native, id=40216, stack(0x0000008a31a00000,0x0000008a31b00000)]
  0x000002797ba12740 JavaThread "C1 CompilerThread0" daemon [_thread_blocked, id=12808, stack(0x0000008a31b00000,0x0000008a31c00000)]
  0x000002797ba16690 JavaThread "Sweeper thread" daemon [_thread_blocked, id=29960, stack(0x0000008a31c00000,0x0000008a31d00000)]
  0x000002796fbb6e40 JavaThread "Common-Cleaner" daemon [_thread_blocked, id=34288, stack(0x0000008a31d00000,0x0000008a31e00000)]
  0x000002797bca2c00 JavaThread "Notification Thread" daemon [_thread_blocked, id=28372, stack(0x0000008a31e00000,0x0000008a31f00000)]
  0x000002797d31c320 JavaThread "Active Thread: Equinox Container: 9c6b380c-7329-481e-8c53-8b655d4ae066" [_thread_blocked, id=36592, stack(0x0000008a32600000,0x0000008a32700000)]
  0x000002797d52ec50 JavaThread "Framework Event Dispatcher: Equinox Container: 9c6b380c-7329-481e-8c53-8b655d4ae066" daemon [_thread_blocked, id=32332, stack(0x0000008a32700000,0x0000008a32800000)]
  0x000002797d52f130 JavaThread "Start Level: Equinox Container: 9c6b380c-7329-481e-8c53-8b655d4ae066" daemon [_thread_blocked, id=32428, stack(0x0000008a32800000,0x0000008a32900000)]
  0x000002797da94210 JavaThread "Bundle File Closer" daemon [_thread_blocked, id=36964, stack(0x0000008a32a00000,0x0000008a32b00000)]
  0x000002797db6e9e0 JavaThread "SCR Component Actor" daemon [_thread_blocked, id=35256, stack(0x0000008a32b00000,0x0000008a32c00000)]
  0x000002797babd2f0 JavaThread "Worker-JM" [_thread_blocked, id=5704, stack(0x0000008a32d00000,0x0000008a32e00000)]
  0x000002797babe220 JavaThread "Worker-2" [_thread_blocked, id=22980, stack(0x0000008a33000000,0x0000008a33100000)]
  0x000002797babb490 JavaThread "Java indexing" daemon [_thread_blocked, id=40804, stack(0x0000008a33100000,0x0000008a33200000)]
  0x000002797babbeb0 JavaThread "JNA Cleaner" daemon [_thread_blocked, id=35632, stack(0x0000008a33200000,0x0000008a33300000)]
  0x000002797babc3c0 JavaThread "Thread-2" daemon [_thread_in_native, id=22048, stack(0x0000008a33300000,0x0000008a33400000)]
  0x000002797ef82300 JavaThread "Thread-3" daemon [_thread_in_native, id=38576, stack(0x0000008a33400000,0x0000008a33500000)]
  0x000002797ef7fa80 JavaThread "Thread-4" daemon [_thread_in_native, id=12784, stack(0x0000008a33500000,0x0000008a33600000)]
  0x000002797ef804a0 JavaThread "Thread-5" daemon [_thread_in_native, id=17088, stack(0x0000008a33600000,0x0000008a33700000)]
  0x000002797ef864d0 JavaThread "Thread-6" daemon [_thread_in_native, id=34532, stack(0x0000008a33700000,0x0000008a33800000)]
  0x000002797ef855a0 JavaThread "Thread-7" daemon [_thread_in_native, id=40908, stack(0x0000008a33800000,0x0000008a33900000)]
  0x000002797ef82810 JavaThread "Thread-8" daemon [_thread_in_native, id=40392, stack(0x0000008a33900000,0x0000008a33a00000)]
  0x000002797ef809b0 JavaThread "Thread-9" daemon [_thread_in_native, id=26652, stack(0x0000008a33a00000,0x0000008a33b00000)]
  0x000002797ef7ff90 JavaThread "Thread-10" daemon [_thread_in_native, id=28004, stack(0x0000008a33b00000,0x0000008a33c00000)]
  0x000002797ef7f570 JavaThread "pool-2-thread-1" [_thread_blocked, id=29440, stack(0x0000008a33c00000,0x0000008a33d00000)]
  0x000002797ef82d20 JavaThread "WorkspaceEventsHandler" [_thread_blocked, id=16044, stack(0x0000008a33d00000,0x0000008a33e00000)]
  0x000002797ef83740 JavaThread "pool-1-thread-1" [_thread_blocked, id=39288, stack(0x0000008a33e00000,0x0000008a33f00000)]
  0x000002797ef813d0 JavaThread "ForkJoinPool.commonPool-worker-1" daemon [_thread_blocked, id=8316, stack(0x0000008a34000000,0x0000008a34100000)]
  0x000002797ef84160 JavaThread "ForkJoinPool.commonPool-worker-3" daemon [_thread_blocked, id=20580, stack(0x0000008a34400000,0x0000008a34500000)]
  0x000002797ef84b80 JavaThread "ForkJoinPool.commonPool-worker-5" daemon [_thread_blocked, id=34368, stack(0x0000008a34600000,0x0000008a34700000)]
  0x000002797ef85ab0 JavaThread "ForkJoinPool.commonPool-worker-6" daemon [_thread_blocked, id=9372, stack(0x0000008a34700000,0x0000008a34800000)]
  0x000002797babc8d0 JavaThread "ForkJoinPool.commonPool-worker-7" daemon [_thread_blocked, id=19872, stack(0x0000008a34800000,0x0000008a34900000)]
  0x000002790ff5a670 JavaThread "Worker-5" [_thread_blocked, id=19296, stack(0x0000008a34f00000,0x0000008a35000000)]
  0x000002790ff59740 JavaThread "Cleaner-0" daemon [_thread_blocked, id=13212, stack(0x0000008a34900000,0x0000008a34a00000)]
  0x000002790ff5e840 JavaThread "ForkJoinPool.commonPool-worker-8" daemon [_thread_blocked, id=16676, stack(0x0000008a31000000,0x0000008a31100000)]
  0x000002790ff5bfc0 JavaThread "ForkJoinPool.commonPool-worker-9" daemon [_thread_blocked, id=20340, stack(0x0000008a30f00000,0x0000008a31000000)]
  0x000002790ff578e0 JavaThread "pool-1-thread-2" [_thread_blocked, id=5488, stack(0x0000008a32c00000,0x0000008a32d00000)]
  0x000002790ff5f260 JavaThread "pool-1-thread-3" [_thread_blocked, id=16064, stack(0x0000008a32e00000,0x0000008a32f00000)]

Other Threads:
  0x000002796fbdc3e0 VMThread "VM Thread" [stack: 0x0000008a31300000,0x0000008a31400000] [id=36296]
  0x000002797bca30e0 WatcherThread [stack: 0x0000008a31f00000,0x0000008a32000000] [id=35848]
  0x000002796fb6ac50 GCTaskThread "GC Thread#0" [stack: 0x0000008a31200000,0x0000008a31300000] [id=34148]
  0x000002797cc55e90 GCTaskThread "GC Thread#1" [stack: 0x0000008a32000000,0x0000008a32100000] [id=10092]
  0x000002797cc557e0 GCTaskThread "GC Thread#2" [stack: 0x0000008a32100000,0x0000008a32200000] [id=23216]
  0x000002797d07c840 GCTaskThread "GC Thread#3" [stack: 0x0000008a32200000,0x0000008a32300000] [id=17648]
  0x000002797d07cb00 GCTaskThread "GC Thread#4" [stack: 0x0000008a32300000,0x0000008a32400000] [id=2248]
  0x000002797cf64810 GCTaskThread "GC Thread#5" [stack: 0x0000008a32400000,0x0000008a32500000] [id=35836]
  0x000002797cf64ad0 GCTaskThread "GC Thread#6" [stack: 0x0000008a32500000,0x0000008a32600000] [id=14756]
  0x000002797ccf7550 GCTaskThread "GC Thread#7" [stack: 0x0000008a32900000,0x0000008a32a00000] [id=25888]

Threads with active compile tasks:
C2 CompilerThread0   361100 18131   !   4       org.eclipse.jdt.internal.compiler.lookup.BinaryTypeBinding::cachePartsFrom (2242 bytes)

VM state: not at safepoint (normal execution)

VM Mutex/Monitor currently owned by a thread: None

Heap address: 0x00000000c0000000, size: 1024 MB, Compressed Oops mode: 32-bit

CDS archive(s) not mapped
Compressed class space mapped at: 0x0000000100000000-0x0000000140000000, reserved size: 1073741824
Narrow klass base: 0x0000000000000000, Narrow klass shift: 3, Narrow klass range: 0x140000000

GC Precious Log:
 CPUs: 8 total, 8 available
 Memory: 7926M
 Large Page Support: Disabled
 NUMA Support: Disabled
 Compressed Oops: Enabled (32-bit)
 Alignments: Space 512K, Generation 512K, Heap 2M
 Heap Min Capacity: 100M
 Heap Initial Capacity: 100M
 Heap Max Capacity: 1G
 Pre-touch: Disabled
 Parallel Workers: 8

Heap:
 PSYoungGen      total 6144K, used 3838K [0x00000000eab00000, 0x00000000eb380000, 0x0000000100000000)
  eden space 5120K, 54% used [0x00000000eab00000,0x00000000eadbfe98,0x00000000eb000000)
  from space 1024K, 99% used [0x00000000eb000000,0x00000000eb0ffb10,0x00000000eb100000)
  to   space 1536K, 0% used [0x00000000eb200000,0x00000000eb200000,0x00000000eb380000)
 ParOldGen       total 149504K, used 137654K [0x00000000c0000000, 0x00000000c9200000, 0x00000000eab00000)
  object space 149504K, 92% used [0x00000000c0000000,0x00000000c866d820,0x00000000c9200000)
 Metaspace       used 87292K, committed 88704K, reserved 1179648K
  class space    used 8968K, committed 9600K, reserved 1048576K

Card table byte_map: [0x00000279741b0000,0x00000279743c0000] _byte_map_base: 0x0000027973bb0000

Marking Bits: (ParMarkBitMap*) 0x00007ffc5da6d820
 Begin Bits: [0x0000027974520000, 0x0000027975520000)
 End Bits:   [0x0000027975520000, 0x0000027976520000)

Polling page: 0x000002796f920000

Metaspace:

Usage:
  Non-class:     76.49 MB used.
      Class:      8.76 MB used.
       Both:     85.25 MB used.

Virtual space:
  Non-class space:      128.00 MB reserved,      77.25 MB ( 60%) committed,  2 nodes.
      Class space:        1.00 GB reserved,       9.38 MB ( <1%) committed,  1 nodes.
             Both:        1.12 GB reserved,      86.62 MB (  8%) committed. 

Chunk freelists:
   Non-Class:  2.41 MB
       Class:  6.54 MB
        Both:  8.94 MB

MaxMetaspaceSize: unlimited
CompressedClassSpaceSize: 1.00 GB
Initial GC threshold: 21.00 MB
Current GC threshold: 144.06 MB
CDS: off
MetaspaceReclaimPolicy: balanced
 - commit_granule_bytes: 65536.
 - commit_granule_words: 8192.
 - virtual_space_node_default_size: 8388608.
 - enlarge_chunks_in_place: 1.
 - new_chunks_are_fully_committed: 0.
 - uncommit_free_chunks: 1.
 - use_allocation_guard: 0.
 - handle_deallocations: 1.


Internal statistics:

num_allocs_failed_limit: 9.
num_arena_births: 1014.
num_arena_deaths: 28.
num_vsnodes_births: 3.
num_vsnodes_deaths: 0.
num_space_committed: 1386.
num_space_uncommitted: 0.
num_chunks_returned_to_freelist: 43.
num_chunks_taken_from_freelist: 4715.
num_chunk_merges: 17.
num_chunk_splits: 2855.
num_chunks_enlarged: 1552.
num_inconsistent_stats: 0.

CodeHeap 'non-profiled nmethods': size=120000Kb used=10256Kb max_used=10256Kb free=109744Kb
 bounds [0x0000027907ad0000, 0x00000279084e0000, 0x000002790f000000]
CodeHeap 'profiled nmethods': size=120000Kb used=30578Kb max_used=30578Kb free=89421Kb
 bounds [0x0000027900000000, 0x0000027901df0000, 0x0000027907530000]
CodeHeap 'non-nmethods': size=5760Kb used=1443Kb max_used=1543Kb free=4316Kb
 bounds [0x0000027907530000, 0x00000279077a0000, 0x0000027907ad0000]
 total_blobs=14556 nmethods=13768 adapters=696
 compilation: enabled
              stopped_count=0, restarted_count=0
 full_count=0

Compilation events (20 events):
Event: 359.748 Thread 0x000002797ba114a0 nmethod 18127 0x000002790813f810 code [0x000002790813fa20, 0x0000027908140460]
Event: 360.890 Thread 0x000002797ba12740 18128       3       org.eclipse.jdt.internal.codeassist.impl.AssistParser::pushOnElementStack (8 bytes)
Event: 360.890 Thread 0x000002797ba12740 nmethod 18128 0x0000027901ddf390 code [0x0000027901ddf540, 0x0000027901ddf708]
Event: 360.900 Thread 0x000002797ba12740 18129   !   3       lombok.eclipse.handlers.HandleGetter::$SWITCH_TABLE$lombok$eclipse$handlers$EclipseHandlerUtil$MemberExistsResult (61 bytes)
Event: 360.901 Thread 0x000002797ba12740 nmethod 18129 0x0000027901ddf810 code [0x0000027901ddf9e0, 0x0000027901ddfd88]
Event: 360.912 Thread 0x000002797ba12740 18130       3       org.eclipse.jdt.core.compiler.CharOperation::prefixEquals (89 bytes)
Event: 360.912 Thread 0x000002797ba12740 nmethod 18130 0x0000027901ddff10 code [0x0000027901de0100, 0x0000027901de0638]
Event: 360.916 Thread 0x000002797ba114a0 18131   !   4       org.eclipse.jdt.internal.compiler.lookup.BinaryTypeBinding::cachePartsFrom (2242 bytes)
Event: 360.927 Thread 0x000002797ba12740 18133       3       org.eclipse.jdt.internal.compiler.lookup.BoundSet::hasCaptureBound (83 bytes)
Event: 360.927 Thread 0x000002797ba12740 nmethod 18133 0x0000027901de0810 code [0x0000027901de0a20, 0x0000027901de1228]
Event: 360.927 Thread 0x000002797ba12740 18134       3       org.eclipse.jdt.internal.compiler.ast.AbstractMethodDeclaration::isStatic (29 bytes)
Event: 360.927 Thread 0x000002797ba12740 nmethod 18134 0x0000027901de1510 code [0x0000027901de16c0, 0x0000027901de1958]
Event: 360.927 Thread 0x000002797ba12740 18135       1       org.eclipse.jdt.core.dom.PackageDeclaration::getNodeType0 (3 bytes)
Event: 360.927 Thread 0x000002797ba12740 nmethod 18135 0x000002790813f510 code [0x000002790813f6a0, 0x000002790813f778]
Event: 360.939 Thread 0x000002797ba12740 18137       3       com.google.gson.internal.bind.ObjectTypeAdapter::readTerminal (97 bytes)
Event: 360.940 Thread 0x000002797ba12740 nmethod 18137 0x0000027901de1a10 code [0x0000027901de1ce0, 0x0000027901de2a18]
Event: 360.942 Thread 0x000002797ba12740 18138       3       com.google.gson.JsonPrimitive::isNumber (8 bytes)
Event: 360.942 Thread 0x000002797ba12740 nmethod 18138 0x0000027901de2e90 code [0x0000027901de3020, 0x0000027901de3218]
Event: 360.970 Thread 0x000002797ba12740 18139       1       org.eclipse.core.runtime.jobs.Job::shouldSchedule (2 bytes)
Event: 360.970 Thread 0x000002797ba12740 nmethod 18139 0x000002790813f210 code [0x000002790813f3a0, 0x000002790813f478]

GC Heap History (20 events):
Event: 357.641 GC heap before
{Heap before GC invocations=745 (full 25):
 PSYoungGen      total 3072K, used 2400K [0x00000000eab00000, 0x00000000eae80000, 0x0000000100000000)
  eden space 2048K, 100% used [0x00000000eab00000,0x00000000ead00000,0x00000000ead00000)
  from space 1024K, 34% used [0x00000000ead00000,0x00000000ead58000,0x00000000eae00000)
  to   space 512K, 0% used [0x00000000eae00000,0x00000000eae00000,0x00000000eae80000)
 ParOldGen       total 149504K, used 135032K [0x00000000c0000000, 0x00000000c9200000, 0x00000000eab00000)
  object space 149504K, 90% used [0x00000000c0000000,0x00000000c83de0f0,0x00000000c9200000)
 Metaspace       used 87254K, committed 88640K, reserved 1179648K
  class space    used 8968K, committed 9600K, reserved 1048576K
}
Event: 357.643 GC heap after
{Heap after GC invocations=745 (full 25):
 PSYoungGen      total 3072K, used 378K [0x00000000eab00000, 0x00000000eae80000, 0x0000000100000000)
  eden space 2560K, 0% used [0x00000000eab00000,0x00000000eab00000,0x00000000ead80000)
  from space 512K, 73% used [0x00000000eae00000,0x00000000eae5e900,0x00000000eae80000)
  to   space 512K, 0% used [0x00000000ead80000,0x00000000ead80000,0x00000000eae00000)
 ParOldGen       total 149504K, used 135288K [0x00000000c0000000, 0x00000000c9200000, 0x00000000eab00000)
  object space 149504K, 90% used [0x00000000c0000000,0x00000000c841e0f0,0x00000000c9200000)
 Metaspace       used 87254K, committed 88640K, reserved 1179648K
  class space    used 8968K, committed 9600K, reserved 1048576K
}
Event: 357.646 GC heap before
{Heap before GC invocations=746 (full 25):
 PSYoungGen      total 3072K, used 2938K [0x00000000eab00000, 0x00000000eae80000, 0x0000000100000000)
  eden space 2560K, 100% used [0x00000000eab00000,0x00000000ead80000,0x00000000ead80000)
  from space 512K, 73% used [0x00000000eae00000,0x00000000eae5e900,0x00000000eae80000)
  to   space 512K, 0% used [0x00000000ead80000,0x00000000ead80000,0x00000000eae00000)
 ParOldGen       total 149504K, used 135288K [0x00000000c0000000, 0x00000000c9200000, 0x00000000eab00000)
  object space 149504K, 90% used [0x00000000c0000000,0x00000000c841e0f0,0x00000000c9200000)
 Metaspace       used 87266K, committed 88704K, reserved 1179648K
  class space    used 8968K, committed 9600K, reserved 1048576K
}
Event: 357.647 GC heap after
{Heap after GC invocations=746 (full 25):
 PSYoungGen      total 3072K, used 506K [0x00000000eab00000, 0x00000000eb000000, 0x0000000100000000)
  eden space 2560K, 0% used [0x00000000eab00000,0x00000000eab00000,0x00000000ead80000)
  from space 512K, 98% used [0x00000000ead80000,0x00000000eadfe900,0x00000000eae00000)
  to   space 1024K, 0% used [0x00000000eaf00000,0x00000000eaf00000,0x00000000eb000000)
 ParOldGen       total 149504K, used 135432K [0x00000000c0000000, 0x00000000c9200000, 0x00000000eab00000)
  object space 149504K, 90% used [0x00000000c0000000,0x00000000c84420f0,0x00000000c9200000)
 Metaspace       used 87266K, committed 88704K, reserved 1179648K
  class space    used 8968K, committed 9600K, reserved 1048576K
}
Event: 357.654 GC heap before
{Heap before GC invocations=747 (full 25):
 PSYoungGen      total 3072K, used 3066K [0x00000000eab00000, 0x00000000eb000000, 0x0000000100000000)
  eden space 2560K, 100% used [0x00000000eab00000,0x00000000ead80000,0x00000000ead80000)
  from space 512K, 98% used [0x00000000ead80000,0x00000000eadfe900,0x00000000eae00000)
  to   space 1024K, 0% used [0x00000000eaf00000,0x00000000eaf00000,0x00000000eb000000)
 ParOldGen       total 149504K, used 135432K [0x00000000c0000000, 0x00000000c9200000, 0x00000000eab00000)
  object space 149504K, 90% used [0x00000000c0000000,0x00000000c84420f0,0x00000000c9200000)
 Metaspace       used 87266K, committed 88704K, reserved 1179648K
  class space    used 8968K, committed 9600K, reserved 1048576K
}
Event: 357.655 GC heap after
{Heap after GC invocations=747 (full 25):
 PSYoungGen      total 3584K, used 416K [0x00000000eab00000, 0x00000000eaf80000, 0x0000000100000000)
  eden space 3072K, 0% used [0x00000000eab00000,0x00000000eab00000,0x00000000eae00000)
  from space 512K, 81% used [0x00000000eaf00000,0x00000000eaf68000,0x00000000eaf80000)
  to   space 512K, 0% used [0x00000000eae80000,0x00000000eae80000,0x00000000eaf00000)
 ParOldGen       total 149504K, used 135900K [0x00000000c0000000, 0x00000000c9200000, 0x00000000eab00000)
  object space 149504K, 90% used [0x00000000c0000000,0x00000000c84b70c8,0x00000000c9200000)
 Metaspace       used 87266K, committed 88704K, reserved 1179648K
  class space    used 8968K, committed 9600K, reserved 1048576K
}
Event: 357.664 GC heap before
{Heap before GC invocations=748 (full 25):
 PSYoungGen      total 3584K, used 3488K [0x00000000eab00000, 0x00000000eaf80000, 0x0000000100000000)
  eden space 3072K, 100% used [0x00000000eab00000,0x00000000eae00000,0x00000000eae00000)
  from space 512K, 81% used [0x00000000eaf00000,0x00000000eaf68000,0x00000000eaf80000)
  to   space 512K, 0% used [0x00000000eae80000,0x00000000eae80000,0x00000000eaf00000)
 ParOldGen       total 149504K, used 135900K [0x00000000c0000000, 0x00000000c9200000, 0x00000000eab00000)
  object space 149504K, 90% used [0x00000000c0000000,0x00000000c84b70c8,0x00000000c9200000)
 Metaspace       used 87268K, committed 88704K, reserved 1179648K
  class space    used 8968K, committed 9600K, reserved 1048576K
}
Event: 357.665 GC heap after
{Heap after GC invocations=748 (full 25):
 PSYoungGen      total 4096K, used 500K [0x00000000eab00000, 0x00000000eb200000, 0x0000000100000000)
  eden space 3584K, 0% used [0x00000000eab00000,0x00000000eab00000,0x00000000eae80000)
  from space 512K, 97% used [0x00000000eae80000,0x00000000eaefd200,0x00000000eaf00000)
  to   space 1536K, 0% used [0x00000000eb080000,0x00000000eb080000,0x00000000eb200000)
 ParOldGen       total 149504K, used 136476K [0x00000000c0000000, 0x00000000c9200000, 0x00000000eab00000)
  object space 149504K, 91% used [0x00000000c0000000,0x00000000c85470d8,0x00000000c9200000)
 Metaspace       used 87268K, committed 88704K, reserved 1179648K
  class space    used 8968K, committed 9600K, reserved 1048576K
}
Event: 357.675 GC heap before
{Heap before GC invocations=749 (full 25):
 PSYoungGen      total 4096K, used 4084K [0x00000000eab00000, 0x00000000eb200000, 0x0000000100000000)
  eden space 3584K, 100% used [0x00000000eab00000,0x00000000eae80000,0x00000000eae80000)
  from space 512K, 97% used [0x00000000eae80000,0x00000000eaefd200,0x00000000eaf00000)
  to   space 1536K, 0% used [0x00000000eb080000,0x00000000eb080000,0x00000000eb200000)
 ParOldGen       total 149504K, used 136476K [0x00000000c0000000, 0x00000000c9200000, 0x00000000eab00000)
  object space 149504K, 91% used [0x00000000c0000000,0x00000000c85470d8,0x00000000c9200000)
 Metaspace       used 87269K, committed 88704K, reserved 1179648K
  class space    used 8968K, committed 9600K, reserved 1048576K
}
Event: 357.677 GC heap after
{Heap after GC invocations=749 (full 25):
 PSYoungGen      total 5632K, used 608K [0x00000000eab00000, 0x00000000eb180000, 0x0000000100000000)
  eden space 4608K, 0% used [0x00000000eab00000,0x00000000eab00000,0x00000000eaf80000)
  from space 1024K, 59% used [0x00000000eb080000,0x00000000eb118000,0x00000000eb180000)
  to   space 1024K, 0% used [0x00000000eaf80000,0x00000000eaf80000,0x00000000eb080000)
 ParOldGen       total 149504K, used 136984K [0x00000000c0000000, 0x00000000c9200000, 0x00000000eab00000)
  object space 149504K, 91% used [0x00000000c0000000,0x00000000c85c60a0,0x00000000c9200000)
 Metaspace       used 87269K, committed 88704K, reserved 1179648K
  class space    used 8968K, committed 9600K, reserved 1048576K
}
Event: 359.076 GC heap before
{Heap before GC invocations=750 (full 25):
 PSYoungGen      total 5632K, used 5216K [0x00000000eab00000, 0x00000000eb180000, 0x0000000100000000)
  eden space 4608K, 100% used [0x00000000eab00000,0x00000000eaf80000,0x00000000eaf80000)
  from space 1024K, 59% used [0x00000000eb080000,0x00000000eb118000,0x00000000eb180000)
  to   space 1024K, 0% used [0x00000000eaf80000,0x00000000eaf80000,0x00000000eb080000)
 ParOldGen       total 149504K, used 136984K [0x00000000c0000000, 0x00000000c9200000, 0x00000000eab00000)
  object space 149504K, 91% used [0x00000000c0000000,0x00000000c85c60a0,0x00000000c9200000)
 Metaspace       used 87285K, committed 88704K, reserved 1179648K
  class space    used 8968K, committed 9600K, reserved 1048576K
}
Event: 359.078 GC heap after
{Heap after GC invocations=750 (full 25):
 PSYoungGen      total 5632K, used 484K [0x00000000eab00000, 0x00000000eb200000, 0x0000000100000000)
  eden space 4608K, 0% used [0x00000000eab00000,0x00000000eab00000,0x00000000eaf80000)
  from space 1024K, 47% used [0x00000000eaf80000,0x00000000eaff9210,0x00000000eb080000)
  to   space 1024K, 0% used [0x00000000eb100000,0x00000000eb100000,0x00000000eb200000)
 ParOldGen       total 149504K, used 137486K [0x00000000c0000000, 0x00000000c9200000, 0x00000000eab00000)
  object space 149504K, 91% used [0x00000000c0000000,0x00000000c8643820,0x00000000c9200000)
 Metaspace       used 87285K, committed 88704K, reserved 1179648K
  class space    used 8968K, committed 9600K, reserved 1048576K
}
Event: 359.091 GC heap before
{Heap before GC invocations=751 (full 25):
 PSYoungGen      total 5632K, used 5092K [0x00000000eab00000, 0x00000000eb200000, 0x0000000100000000)
  eden space 4608K, 100% used [0x00000000eab00000,0x00000000eaf80000,0x00000000eaf80000)
  from space 1024K, 47% used [0x00000000eaf80000,0x00000000eaff9210,0x00000000eb080000)
  to   space 1024K, 0% used [0x00000000eb100000,0x00000000eb100000,0x00000000eb200000)
 ParOldGen       total 149504K, used 137486K [0x00000000c0000000, 0x00000000c9200000, 0x00000000eab00000)
  object space 149504K, 91% used [0x00000000c0000000,0x00000000c8643820,0x00000000c9200000)
 Metaspace       used 87286K, committed 88704K, reserved 1179648K
  class space    used 8968K, committed 9600K, reserved 1048576K
}
Event: 359.092 GC heap after
{Heap after GC invocations=751 (full 25):
 PSYoungGen      total 5632K, used 260K [0x00000000eab00000, 0x00000000eb180000, 0x0000000100000000)
  eden space 5120K, 0% used [0x00000000eab00000,0x00000000eab00000,0x00000000eb000000)
  from space 512K, 50% used [0x00000000eb100000,0x00000000eb141210,0x00000000eb180000)
  to   space 512K, 0% used [0x00000000eb080000,0x00000000eb080000,0x00000000eb100000)
 ParOldGen       total 149504K, used 137486K [0x00000000c0000000, 0x00000000c9200000, 0x00000000eab00000)
  object space 149504K, 91% used [0x00000000c0000000,0x00000000c8643820,0x00000000c9200000)
 Metaspace       used 87286K, committed 88704K, reserved 1179648K
  class space    used 8968K, committed 9600K, reserved 1048576K
}
Event: 359.574 GC heap before
{Heap before GC invocations=752 (full 25):
 PSYoungGen      total 5632K, used 5380K [0x00000000eab00000, 0x00000000eb180000, 0x0000000100000000)
  eden space 5120K, 100% used [0x00000000eab00000,0x00000000eb000000,0x00000000eb000000)
  from space 512K, 50% used [0x00000000eb100000,0x00000000eb141210,0x00000000eb180000)
  to   space 512K, 0% used [0x00000000eb080000,0x00000000eb080000,0x00000000eb100000)
 ParOldGen       total 149504K, used 137486K [0x00000000c0000000, 0x00000000c9200000, 0x00000000eab00000)
  object space 149504K, 91% used [0x00000000c0000000,0x00000000c8643820,0x00000000c9200000)
 Metaspace       used 87287K, committed 88704K, reserved 1179648K
  class space    used 8968K, committed 9600K, reserved 1048576K
}
Event: 359.575 GC heap after
{Heap after GC invocations=752 (full 25):
 PSYoungGen      total 6144K, used 160K [0x00000000eab00000, 0x00000000eb180000, 0x0000000100000000)
  eden space 5632K, 0% used [0x00000000eab00000,0x00000000eab00000,0x00000000eb080000)
  from space 512K, 31% used [0x00000000eb080000,0x00000000eb0a8000,0x00000000eb100000)
  to   space 512K, 0% used [0x00000000eb100000,0x00000000eb100000,0x00000000eb180000)
 ParOldGen       total 149504K, used 137486K [0x00000000c0000000, 0x00000000c9200000, 0x00000000eab00000)
  object space 149504K, 91% used [0x00000000c0000000,0x00000000c8643820,0x00000000c9200000)
 Metaspace       used 87287K, committed 88704K, reserved 1179648K
  class space    used 8968K, committed 9600K, reserved 1048576K
}
Event: 360.897 GC heap before
{Heap before GC invocations=753 (full 25):
 PSYoungGen      total 6144K, used 5792K [0x00000000eab00000, 0x00000000eb180000, 0x0000000100000000)
  eden space 5632K, 100% used [0x00000000eab00000,0x00000000eb080000,0x00000000eb080000)
  from space 512K, 31% used [0x00000000eb080000,0x00000000eb0a8000,0x00000000eb100000)
  to   space 512K, 0% used [0x00000000eb100000,0x00000000eb100000,0x00000000eb180000)
 ParOldGen       total 149504K, used 137486K [0x00000000c0000000, 0x00000000c9200000, 0x00000000eab00000)
  object space 149504K, 91% used [0x00000000c0000000,0x00000000c8643820,0x00000000c9200000)
 Metaspace       used 87291K, committed 88704K, reserved 1179648K
  class space    used 8968K, committed 9600K, reserved 1048576K
}
Event: 360.898 GC heap after
{Heap after GC invocations=753 (full 25):
 PSYoungGen      total 5632K, used 506K [0x00000000eab00000, 0x00000000eb300000, 0x0000000100000000)
  eden space 5120K, 0% used [0x00000000eab00000,0x00000000eab00000,0x00000000eb000000)
  from space 512K, 98% used [0x00000000eb100000,0x00000000eb17e900,0x00000000eb180000)
  to   space 1024K, 0% used [0x00000000eb000000,0x00000000eb000000,0x00000000eb100000)
 ParOldGen       total 149504K, used 137534K [0x00000000c0000000, 0x00000000c9200000, 0x00000000eab00000)
  object space 149504K, 91% used [0x00000000c0000000,0x00000000c864f820,0x00000000c9200000)
 Metaspace       used 87291K, committed 88704K, reserved 1179648K
  class space    used 8968K, committed 9600K, reserved 1048576K
}
Event: 360.920 GC heap before
{Heap before GC invocations=754 (full 25):
 PSYoungGen      total 5632K, used 5626K [0x00000000eab00000, 0x00000000eb300000, 0x0000000100000000)
  eden space 5120K, 100% used [0x00000000eab00000,0x00000000eb000000,0x00000000eb000000)
  from space 512K, 98% used [0x00000000eb100000,0x00000000eb17e900,0x00000000eb180000)
  to   space 1024K, 0% used [0x00000000eb000000,0x00000000eb000000,0x00000000eb100000)
 ParOldGen       total 149504K, used 137534K [0x00000000c0000000, 0x00000000c9200000, 0x00000000eab00000)
  object space 149504K, 91% used [0x00000000c0000000,0x00000000c864f820,0x00000000c9200000)
 Metaspace       used 87291K, committed 88704K, reserved 1179648K
  class space    used 8968K, committed 9600K, reserved 1048576K
}
Event: 360.922 GC heap after
{Heap after GC invocations=754 (full 25):
 PSYoungGen      total 6144K, used 1022K [0x00000000eab00000, 0x00000000eb380000, 0x0000000100000000)
  eden space 5120K, 0% used [0x00000000eab00000,0x00000000eab00000,0x00000000eb000000)
  from space 1024K, 99% used [0x00000000eb000000,0x00000000eb0ffb10,0x00000000eb100000)
  to   space 1536K, 0% used [0x00000000eb200000,0x00000000eb200000,0x00000000eb380000)
 ParOldGen       total 149504K, used 137654K [0x00000000c0000000, 0x00000000c9200000, 0x00000000eab00000)
  object space 149504K, 92% used [0x00000000c0000000,0x00000000c866d820,0x00000000c9200000)
 Metaspace       used 87291K, committed 88704K, reserved 1179648K
  class space    used 8968K, committed 9600K, reserved 1048576K
}

Dll operation events (12 events):
Event: 0.011 Loaded shared library c:\Users\Drsil\.vscode\extensions\redhat.java-1.31.0-win32-x64\jre\17.0.11-win32-x86_64\bin\java.dll
Event: 0.252 Loaded shared library c:\Users\Drsil\.vscode\extensions\redhat.java-1.31.0-win32-x64\jre\17.0.11-win32-x86_64\bin\zip.dll
Event: 0.260 Loaded shared library C:\Users\Drsil\.vscode\extensions\redhat.java-1.31.0-win32-x64\jre\17.0.11-win32-x86_64\bin\instrument.dll
Event: 0.281 Loaded shared library C:\Users\Drsil\.vscode\extensions\redhat.java-1.31.0-win32-x64\jre\17.0.11-win32-x86_64\bin\net.dll
Event: 0.284 Loaded shared library C:\Users\Drsil\.vscode\extensions\redhat.java-1.31.0-win32-x64\jre\17.0.11-win32-x86_64\bin\nio.dll
Event: 0.296 Loaded shared library C:\Users\Drsil\.vscode\extensions\redhat.java-1.31.0-win32-x64\jre\17.0.11-win32-x86_64\bin\zip.dll
Event: 0.316 Loaded shared library C:\Users\Drsil\.vscode\extensions\redhat.java-1.31.0-win32-x64\jre\17.0.11-win32-x86_64\bin\jimage.dll
Event: 0.425 Loaded shared library c:\Users\Drsil\.vscode\extensions\redhat.java-1.31.0-win32-x64\jre\17.0.11-win32-x86_64\bin\verify.dll
Event: 2.175 Loaded shared library C:\Users\Drsil\AppData\Roaming\Code\User\globalStorage\redhat.java\1.31.0\config_win\org.eclipse.equinox.launcher\org.eclipse.equinox.launcher.win32.win32.x86_64_1.2.1000.v20240507-1834\eclipse_11902.dll
Event: 7.274 Loaded shared library C:\Users\Drsil\AppData\Local\Temp\jna-66309480\jna13691877820517386818.dll
Event: 23.512 Loaded shared library C:\Users\Drsil\.vscode\extensions\redhat.java-1.31.0-win32-x64\jre\17.0.11-win32-x86_64\bin\sunmscapi.dll
Event: 23.669 Loaded shared library C:\Users\Drsil\.vscode\extensions\redhat.java-1.31.0-win32-x64\jre\17.0.11-win32-x86_64\bin\extnet.dll

Deoptimization events (20 events):
Event: 359.073 Thread 0x000002790ff5a670 Uncommon trap: trap_request=0xffffffc6 fr.pc=0x00000279081521b8 relative=0x0000000000000058
Event: 359.073 Thread 0x000002790ff5a670 Uncommon trap: reason=bimorphic_or_optimized_type_check action=maybe_recompile pc=0x00000279081521b8 method=org.eclipse.jdt.internal.core.PackageFragmentRoot.getModuleDescription()Lorg/eclipse/jdt/core/IModuleDescription; @ 1 c2
Event: 359.073 Thread 0x000002790ff5a670 DEOPT PACKING pc=0x00000279081521b8 sp=0x0000008a34ffedf0
Event: 359.073 Thread 0x000002790ff5a670 DEOPT UNPACKING pc=0x0000027907589ea3 sp=0x0000008a34ffeda8 mode 2
Event: 359.578 Thread 0x000002797ef84160 Uncommon trap: trap_request=0xffffffde fr.pc=0x00000279083b63f8 relative=0x0000000000000758
Event: 359.578 Thread 0x000002797ef84160 Uncommon trap: reason=class_check action=maybe_recompile pc=0x00000279083b63f8 method=org.eclipse.jdt.internal.compiler.parser.diagnose.LexStream.readTokenFromScanner()V @ 15 c2
Event: 359.578 Thread 0x000002797ef84160 DEOPT PACKING pc=0x00000279083b63f8 sp=0x0000008a344fe4a0
Event: 359.578 Thread 0x000002797ef84160 DEOPT UNPACKING pc=0x0000027907589ea3 sp=0x0000008a344fe450 mode 2
Event: 359.578 Thread 0x000002797ef84160 Uncommon trap: trap_request=0xffffffde fr.pc=0x00000279083b63f8 relative=0x0000000000000758
Event: 359.578 Thread 0x000002797ef84160 Uncommon trap: reason=class_check action=maybe_recompile pc=0x00000279083b63f8 method=org.eclipse.jdt.internal.compiler.parser.diagnose.LexStream.readTokenFromScanner()V @ 15 c2
Event: 359.578 Thread 0x000002797ef84160 DEOPT PACKING pc=0x00000279083b63f8 sp=0x0000008a344fe4a0
Event: 359.578 Thread 0x000002797ef84160 DEOPT UNPACKING pc=0x0000027907589ea3 sp=0x0000008a344fe450 mode 2
Event: 359.578 Thread 0x000002797ef84160 Uncommon trap: trap_request=0xffffffde fr.pc=0x00000279083b63f8 relative=0x0000000000000758
Event: 359.578 Thread 0x000002797ef84160 Uncommon trap: reason=class_check action=maybe_recompile pc=0x00000279083b63f8 method=org.eclipse.jdt.internal.compiler.parser.diagnose.LexStream.readTokenFromScanner()V @ 15 c2
Event: 359.578 Thread 0x000002797ef84160 DEOPT PACKING pc=0x00000279083b63f8 sp=0x0000008a344fe4a0
Event: 359.578 Thread 0x000002797ef84160 DEOPT UNPACKING pc=0x0000027907589ea3 sp=0x0000008a344fe450 mode 2
Event: 359.578 Thread 0x000002797ef84160 Uncommon trap: trap_request=0xffffffde fr.pc=0x00000279083b63f8 relative=0x0000000000000758
Event: 359.578 Thread 0x000002797ef84160 Uncommon trap: reason=class_check action=maybe_recompile pc=0x00000279083b63f8 method=org.eclipse.jdt.internal.compiler.parser.diagnose.LexStream.readTokenFromScanner()V @ 15 c2
Event: 359.578 Thread 0x000002797ef84160 DEOPT PACKING pc=0x00000279083b63f8 sp=0x0000008a344fe4a0
Event: 359.578 Thread 0x000002797ef84160 DEOPT UNPACKING pc=0x0000027907589ea3 sp=0x0000008a344fe450 mode 2

Classes unloaded (14 events):
Event: 6.542 Thread 0x000002796fbdc3e0 Unloading class 0x0000000100252400 'java/lang/invoke/LambdaForm$MH+0x0000000100252400'
Event: 6.542 Thread 0x000002796fbdc3e0 Unloading class 0x0000000100252000 'java/lang/invoke/LambdaForm$MH+0x0000000100252000'
Event: 6.542 Thread 0x000002796fbdc3e0 Unloading class 0x0000000100251c00 'java/lang/invoke/LambdaForm$MH+0x0000000100251c00'
Event: 6.542 Thread 0x000002796fbdc3e0 Unloading class 0x0000000100251800 'java/lang/invoke/LambdaForm$MH+0x0000000100251800'
Event: 6.542 Thread 0x000002796fbdc3e0 Unloading class 0x0000000100251400 'java/lang/invoke/LambdaForm$BMH+0x0000000100251400'
Event: 6.542 Thread 0x000002796fbdc3e0 Unloading class 0x0000000100251000 'java/lang/invoke/LambdaForm$DMH+0x0000000100251000'
Event: 6.542 Thread 0x000002796fbdc3e0 Unloading class 0x0000000100248400 'java/lang/invoke/LambdaForm$DMH+0x0000000100248400'
Event: 50.696 Thread 0x000002796fbdc3e0 Unloading class 0x0000000100840800 'java/lang/invoke/LambdaForm$DMH+0x0000000100840800'
Event: 50.696 Thread 0x000002796fbdc3e0 Unloading class 0x0000000100821400 'java/lang/invoke/LambdaForm$DMH+0x0000000100821400'
Event: 50.696 Thread 0x000002796fbdc3e0 Unloading class 0x0000000100821800 'java/lang/invoke/LambdaForm$DMH+0x0000000100821800'
Event: 50.696 Thread 0x000002796fbdc3e0 Unloading class 0x0000000100821c00 'java/lang/invoke/LambdaForm$DMH+0x0000000100821c00'
Event: 50.696 Thread 0x000002796fbdc3e0 Unloading class 0x0000000100820800 'java/lang/invoke/LambdaForm$DMH+0x0000000100820800'
Event: 50.696 Thread 0x000002796fbdc3e0 Unloading class 0x0000000100820000 'java/lang/invoke/LambdaForm$DMH+0x0000000100820000'
Event: 50.696 Thread 0x000002796fbdc3e0 Unloading class 0x0000000100820400 'java/lang/invoke/LambdaForm$DMH+0x0000000100820400'

Classes redefined (0 events):
No events

Internal exceptions (20 events):
Event: 352.048 Thread 0x000002797ef83740 Exception <a 'java/lang/ArrayIndexOutOfBoundsException'{0x00000000eabd2db0}> (0x00000000eabd2db0) 
thrown [s\src\hotspot\share\runtime\sharedRuntime.cpp, line 631]
Event: 352.048 Thread 0x000002797ef83740 Exception <a 'java/lang/ArrayIndexOutOfBoundsException'{0x00000000eabd3148}> (0x00000000eabd3148) 
thrown [s\src\hotspot\share\runtime\sharedRuntime.cpp, line 631]
Event: 352.750 Thread 0x000002797ef83740 Exception <a 'java/lang/ArrayIndexOutOfBoundsException'{0x00000000eab7ed08}> (0x00000000eab7ed08) 
thrown [s\src\hotspot\share\runtime\sharedRuntime.cpp, line 631]
Event: 352.750 Thread 0x000002797ef83740 Exception <a 'java/lang/ArrayIndexOutOfBoundsException'{0x00000000eab7f348}> (0x00000000eab7f348) 
thrown [s\src\hotspot\share\runtime\sharedRuntime.cpp, line 631]
Event: 352.750 Thread 0x000002797ef83740 Exception <a 'java/lang/ArrayIndexOutOfBoundsException'{0x00000000eab7f6e0}> (0x00000000eab7f6e0) 
thrown [s\src\hotspot\share\runtime\sharedRuntime.cpp, line 631]
Event: 354.025 Thread 0x000002797ef83740 Exception <a 'java/lang/ArrayIndexOutOfBoundsException'{0x00000000eabdf0c0}> (0x00000000eabdf0c0) 
thrown [s\src\hotspot\share\runtime\sharedRuntime.cpp, line 631]
Event: 354.025 Thread 0x000002797ef83740 Exception <a 'java/lang/ArrayIndexOutOfBoundsException'{0x00000000eabdf700}> (0x00000000eabdf700) 
thrown [s\src\hotspot\share\runtime\sharedRuntime.cpp, line 631]
Event: 354.025 Thread 0x000002797ef83740 Exception <a 'java/lang/ArrayIndexOutOfBoundsException'{0x00000000eabdfa98}> (0x00000000eabdfa98) 
thrown [s\src\hotspot\share\runtime\sharedRuntime.cpp, line 631]
Event: 354.214 Thread 0x000002797ef83740 Exception <a 'java/lang/ArrayIndexOutOfBoundsException'{0x00000000ead2c378}> (0x00000000ead2c378) 
thrown [s\src\hotspot\share\runtime\sharedRuntime.cpp, line 631]
Event: 354.214 Thread 0x000002797ef83740 Exception <a 'java/lang/ArrayIndexOutOfBoundsException'{0x00000000ead2c9b8}> (0x00000000ead2c9b8) 
thrown [s\src\hotspot\share\runtime\sharedRuntime.cpp, line 631]
Event: 354.214 Thread 0x000002797ef83740 Exception <a 'java/lang/ArrayIndexOutOfBoundsException'{0x00000000ead2cd50}> (0x00000000ead2cd50) 
thrown [s\src\hotspot\share\runtime\sharedRuntime.cpp, line 631]
Event: 354.391 Thread 0x000002797ef83740 Exception <a 'java/lang/ArrayIndexOutOfBoundsException'{0x00000000eab81e88}> (0x00000000eab81e88) 
thrown [s\src\hotspot\share\runtime\sharedRuntime.cpp, line 631]
Event: 354.391 Thread 0x000002797ef83740 Exception <a 'java/lang/ArrayIndexOutOfBoundsException'{0x00000000eab824c8}> (0x00000000eab824c8) 
thrown [s\src\hotspot\share\runtime\sharedRuntime.cpp, line 631]
Event: 354.391 Thread 0x000002797ef83740 Exception <a 'java/lang/ArrayIndexOutOfBoundsException'{0x00000000eab82860}> (0x00000000eab82860) 
thrown [s\src\hotspot\share\runtime\sharedRuntime.cpp, line 631]
Event: 354.644 Thread 0x000002797ef83740 Exception <a 'java/lang/ArrayIndexOutOfBoundsException'{0x00000000eacc83f0}> (0x00000000eacc83f0) 
thrown [s\src\hotspot\share\runtime\sharedRuntime.cpp, line 631]
Event: 354.644 Thread 0x000002797ef83740 Exception <a 'java/lang/ArrayIndexOutOfBoundsException'{0x00000000eacc8a30}> (0x00000000eacc8a30) 
thrown [s\src\hotspot\share\runtime\sharedRuntime.cpp, line 631]
Event: 354.644 Thread 0x000002797ef83740 Exception <a 'java/lang/ArrayIndexOutOfBoundsException'{0x00000000eacc8dc8}> (0x00000000eacc8dc8) 
thrown [s\src\hotspot\share\runtime\sharedRuntime.cpp, line 631]
Event: 360.891 Thread 0x000002797ef83740 Exception <a 'java/lang/ArrayIndexOutOfBoundsException'{0x00000000eae33190}> (0x00000000eae33190) 
thrown [s\src\hotspot\share\runtime\sharedRuntime.cpp, line 631]
Event: 360.891 Thread 0x000002797ef83740 Exception <a 'java/lang/ArrayIndexOutOfBoundsException'{0x00000000eae33a50}> (0x00000000eae33a50) 
thrown [s\src\hotspot\share\runtime\sharedRuntime.cpp, line 631]
Event: 360.891 Thread 0x000002797ef83740 Exception <a 'java/lang/ArrayIndexOutOfBoundsException'{0x00000000eae34030}> (0x00000000eae34030) 
thrown [s\src\hotspot\share\runtime\sharedRuntime.cpp, line 631]

VM Operations (20 events):
Event: 357.654 Executing VM operation: ParallelGCFailedAllocation
Event: 357.655 Executing VM operation: ParallelGCFailedAllocation done
Event: 357.663 Executing VM operation: ParallelGCFailedAllocation
Event: 357.665 Executing VM operation: ParallelGCFailedAllocation done
Event: 357.675 Executing VM operation: ParallelGCFailedAllocation
Event: 357.677 Executing VM operation: ParallelGCFailedAllocation done
Event: 358.680 Executing VM operation: Cleanup
Event: 358.680 Executing VM operation: Cleanup done
Event: 359.076 Executing VM operation: ParallelGCFailedAllocation
Event: 359.078 Executing VM operation: ParallelGCFailedAllocation done
Event: 359.091 Executing VM operation: ParallelGCFailedAllocation
Event: 359.092 Executing VM operation: ParallelGCFailedAllocation done
Event: 359.574 Executing VM operation: ParallelGCFailedAllocation
Event: 359.575 Executing VM operation: ParallelGCFailedAllocation done
Event: 360.573 Executing VM operation: HandshakeAllThreads
Event: 360.573 Executing VM operation: HandshakeAllThreads done
Event: 360.897 Executing VM operation: ParallelGCFailedAllocation
Event: 360.898 Executing VM operation: ParallelGCFailedAllocation done
Event: 360.920 Executing VM operation: ParallelGCFailedAllocation
Event: 360.922 Executing VM operation: ParallelGCFailedAllocation done

Events (20 events):
Event: 346.589 Thread 0x000002797ba16690 flushing nmethod 0x00000279011b4490
Event: 346.589 Thread 0x000002797ba16690 flushing nmethod 0x00000279011b9b90
Event: 346.589 Thread 0x000002797ba16690 flushing nmethod 0x00000279011d9490
Event: 346.590 Thread 0x000002797ba16690 flushing nmethod 0x0000027901256a10
Event: 346.590 Thread 0x000002797ba16690 flushing nmethod 0x00000279012baa10
Event: 346.590 Thread 0x000002797ba16690 flushing nmethod 0x0000027901344890
Event: 346.591 Thread 0x000002797ba16690 flushing nmethod 0x00000279013dd290
Event: 346.591 Thread 0x000002797ba16690 flushing nmethod 0x00000279013f4290
Event: 346.593 Thread 0x000002797ba16690 flushing nmethod 0x0000027901562510
Event: 346.593 Thread 0x000002797ba16690 flushing nmethod 0x00000279015cc090
Event: 346.593 Thread 0x000002797ba16690 flushing nmethod 0x0000027901644d90
Event: 346.594 Thread 0x000002797ba16690 flushing nmethod 0x000002790168ce90
Event: 346.594 Thread 0x000002797ba16690 flushing nmethod 0x00000279016b4090
Event: 346.595 Thread 0x000002797ba16690 flushing nmethod 0x00000279017c5790
Event: 346.596 Thread 0x000002797ba16690 flushing nmethod 0x00000279018a4f90
Event: 346.596 Thread 0x000002797ba16690 flushing nmethod 0x00000279018ec410
Event: 346.598 Thread 0x000002797ba16690 flushing nmethod 0x0000027901abf210
Event: 346.599 Thread 0x000002797ba16690 flushing nmethod 0x0000027901b29810
Event: 346.599 Thread 0x000002797ba16690 flushing nmethod 0x0000027901b87d90
Event: 346.599 Thread 0x000002797ba16690 flushing nmethod 0x0000027901ba1490


Dynamic libraries:
0x00007ff7e69d0000 - 0x00007ff7e69de000 	c:\Users\Drsil\.vscode\extensions\redhat.java-1.31.0-win32-x64\jre\17.0.11-win32-x86_64\bin\java.exe
0x00007ffce69d0000 - 0x00007ffce6be7000 	C:\Windows\SYSTEM32\ntdll.dll
0x00007ffce5d70000 - 0x00007ffce5e34000 	C:\Windows\System32\KERNEL32.DLL
0x00007ffce41b0000 - 0x00007ffce4557000 	C:\Windows\System32\KERNELBASE.dll
0x00007ffce3f70000 - 0x00007ffce4081000 	C:\Windows\System32\ucrtbase.dll
0x00007ffcc3a60000 - 0x00007ffcc3a77000 	c:\Users\Drsil\.vscode\extensions\redhat.java-1.31.0-win32-x64\jre\17.0.11-win32-x86_64\bin\jli.dll
0x00007ffce6790000 - 0x00007ffce693e000 	C:\Windows\System32\USER32.dll
0x00007ffce4650000 - 0x00007ffce4676000 	C:\Windows\System32\win32u.dll
0x00007ffce6400000 - 0x00007ffce6429000 	C:\Windows\System32\GDI32.dll
0x00007ffce4090000 - 0x00007ffce41a9000 	C:\Windows\System32\gdi32full.dll
0x00007ffce3cf0000 - 0x00007ffce3d8a000 	C:\Windows\System32\msvcp_win.dll
0x00007ffcb6cc0000 - 0x00007ffcb6cdb000 	c:\Users\Drsil\.vscode\extensions\redhat.java-1.31.0-win32-x64\jre\17.0.11-win32-x86_64\bin\VCRUNTIME140.dll
0x00007ffccfb90000 - 0x00007ffccfe23000 	C:\Windows\WinSxS\amd64_microsoft.windows.common-controls_6595b64144ccf1df_6.0.22621.3527_none_270e469b73872a76\COMCTL32.dll
0x00007ffce5ff0000 - 0x00007ffce6097000 	C:\Windows\System32\msvcrt.dll
0x00007ffce6530000 - 0x00007ffce6561000 	C:\Windows\System32\IMM32.DLL
0x00007ffccf4e0000 - 0x00007ffccf4ec000 	c:\Users\Drsil\.vscode\extensions\redhat.java-1.31.0-win32-x64\jre\17.0.11-win32-x86_64\bin\vcruntime140_1.dll
0x00007ffc939b0000 - 0x00007ffc93a3d000 	c:\Users\Drsil\.vscode\extensions\redhat.java-1.31.0-win32-x64\jre\17.0.11-win32-x86_64\bin\msvcp140.dll
0x00007ffc5ced0000 - 0x00007ffc5db32000 	c:\Users\Drsil\.vscode\extensions\redhat.java-1.31.0-win32-x64\jre\17.0.11-win32-x86_64\bin\server\jvm.dll
0x00007ffce6340000 - 0x00007ffce63f2000 	C:\Windows\System32\ADVAPI32.dll
0x00007ffce5eb0000 - 0x00007ffce5f58000 	C:\Windows\System32\sechost.dll
0x00007ffce4560000 - 0x00007ffce4588000 	C:\Windows\System32\bcrypt.dll
0x00007ffce6670000 - 0x00007ffce6785000 	C:\Windows\System32\RPCRT4.dll
0x00007ffce3b00000 - 0x00007ffce3b4d000 	C:\Windows\SYSTEM32\POWRPROF.dll
0x00007ffcb5680000 - 0x00007ffcb5689000 	C:\Windows\SYSTEM32\WSOCK32.dll
0x00007ffce5f70000 - 0x00007ffce5fe1000 	C:\Windows\System32\WS2_32.dll
0x00007ffce1680000 - 0x00007ffce16b4000 	C:\Windows\SYSTEM32\WINMM.dll
0x00007ffcdec00000 - 0x00007ffcdec0a000 	C:\Windows\SYSTEM32\VERSION.dll
0x00007ffce39e0000 - 0x00007ffce39f3000 	C:\Windows\SYSTEM32\UMPDC.dll
0x00007ffce2c40000 - 0x00007ffce2c58000 	C:\Windows\SYSTEM32\kernel.appcore.dll
0x00007ffccda60000 - 0x00007ffccda6a000 	c:\Users\Drsil\.vscode\extensions\redhat.java-1.31.0-win32-x64\jre\17.0.11-win32-x86_64\bin\jimage.dll
0x00007ffce1370000 - 0x00007ffce15a2000 	C:\Windows\SYSTEM32\DBGHELP.DLL
0x00007ffce5830000 - 0x00007ffce5bb8000 	C:\Windows\System32\combase.dll
0x00007ffce6590000 - 0x00007ffce6667000 	C:\Windows\System32\OLEAUT32.dll
0x00007ffce1640000 - 0x00007ffce1672000 	C:\Windows\SYSTEM32\dbgcore.DLL
0x00007ffce4680000 - 0x00007ffce46f9000 	C:\Windows\System32\bcryptPrimitives.dll
0x00007ffccd540000 - 0x00007ffccd54e000 	c:\Users\Drsil\.vscode\extensions\redhat.java-1.31.0-win32-x64\jre\17.0.11-win32-x86_64\bin\instrument.dll
0x00007ffca1200000 - 0x00007ffca1225000 	c:\Users\Drsil\.vscode\extensions\redhat.java-1.31.0-win32-x64\jre\17.0.11-win32-x86_64\bin\java.dll
0x00007ffca7280000 - 0x00007ffca7298000 	c:\Users\Drsil\.vscode\extensions\redhat.java-1.31.0-win32-x64\jre\17.0.11-win32-x86_64\bin\zip.dll
0x00007ffce4d30000 - 0x00007ffce558c000 	C:\Windows\System32\SHELL32.dll
0x00007ffce1be0000 - 0x00007ffce24d6000 	C:\Windows\SYSTEM32\windows.storage.dll
0x00007ffce1aa0000 - 0x00007ffce1bde000 	C:\Windows\SYSTEM32\wintypes.dll
0x00007ffce4b80000 - 0x00007ffce4c75000 	C:\Windows\System32\SHCORE.dll
0x00007ffce60a0000 - 0x00007ffce60fe000 	C:\Windows\System32\shlwapi.dll
0x00007ffce3c20000 - 0x00007ffce3c41000 	C:\Windows\SYSTEM32\profapi.dll
0x00007ffca6e30000 - 0x00007ffca6e49000 	C:\Users\Drsil\.vscode\extensions\redhat.java-1.31.0-win32-x64\jre\17.0.11-win32-x86_64\bin\net.dll
0x00007ffce01b0000 - 0x00007ffce02e6000 	C:\Windows\SYSTEM32\WINHTTP.dll
0x00007ffce3160000 - 0x00007ffce31c9000 	C:\Windows\system32\mswsock.dll
0x00007ffc9fd80000 - 0x00007ffc9fd96000 	C:\Users\Drsil\.vscode\extensions\redhat.java-1.31.0-win32-x64\jre\17.0.11-win32-x86_64\bin\nio.dll
0x00007ffccd0e0000 - 0x00007ffccd0f0000 	c:\Users\Drsil\.vscode\extensions\redhat.java-1.31.0-win32-x64\jre\17.0.11-win32-x86_64\bin\verify.dll
0x00007ffcb6c30000 - 0x00007ffcb6c74000 	C:\Users\Drsil\AppData\Roaming\Code\User\globalStorage\redhat.java\1.31.0\config_win\org.eclipse.equinox.launcher\org.eclipse.equinox.launcher.win32.win32.x86_64_1.2.1000.v20240507-1834\eclipse_11902.dll
0x00007ffce5bc0000 - 0x00007ffce5d65000 	C:\Windows\System32\ole32.dll
0x00007ffce33c0000 - 0x00007ffce33db000 	C:\Windows\SYSTEM32\CRYPTSP.dll
0x00007ffce2c60000 - 0x00007ffce2c95000 	C:\Windows\system32\rsaenh.dll
0x00007ffce3260000 - 0x00007ffce3288000 	C:\Windows\SYSTEM32\USERENV.dll
0x00007ffce33e0000 - 0x00007ffce33ec000 	C:\Windows\SYSTEM32\CRYPTBASE.dll
0x00007ffce2740000 - 0x00007ffce276d000 	C:\Windows\SYSTEM32\IPHLPAPI.DLL
0x00007ffce5f60000 - 0x00007ffce5f69000 	C:\Windows\System32\NSI.dll
0x00007ffcdfbe0000 - 0x00007ffcdfbf9000 	C:\Windows\SYSTEM32\dhcpcsvc6.DLL
0x00007ffcdf810000 - 0x00007ffcdf82f000 	C:\Windows\SYSTEM32\dhcpcsvc.DLL
0x00007ffce27b0000 - 0x00007ffce28a8000 	C:\Windows\SYSTEM32\DNSAPI.dll
0x00007ffc937b0000 - 0x00007ffc937f5000 	C:\Users\Drsil\AppData\Local\Temp\jna-66309480\jna13691877820517386818.dll
0x00007ffce4d20000 - 0x00007ffce4d28000 	C:\Windows\System32\PSAPI.DLL
0x00007ffcd8d80000 - 0x00007ffcd8d8e000 	C:\Users\Drsil\.vscode\extensions\redhat.java-1.31.0-win32-x64\jre\17.0.11-win32-x86_64\bin\sunmscapi.dll
0x00007ffce3e00000 - 0x00007ffce3f68000 	C:\Windows\System32\CRYPT32.dll
0x00007ffce35a0000 - 0x00007ffce35ce000 	C:\Windows\SYSTEM32\ncrypt.dll
0x00007ffce3560000 - 0x00007ffce3597000 	C:\Windows\SYSTEM32\NTASN1.dll
0x00007ffcdeea0000 - 0x00007ffcdeeaa000 	C:\Windows\System32\rasadhlp.dll
0x00007ffcdead0000 - 0x00007ffcdeb53000 	C:\Windows\System32\fwpuclnt.dll
0x00007ffccf260000 - 0x00007ffccf269000 	C:\Users\Drsil\.vscode\extensions\redhat.java-1.31.0-win32-x64\jre\17.0.11-win32-x86_64\bin\extnet.dll

dbghelp: loaded successfully - version: 4.0.5 - missing functions: none
symbol engine: initialized successfully - sym options: 0x614 - pdb path: .;c:\Users\Drsil\.vscode\extensions\redhat.java-1.31.0-win32-x64\jre\17.0.11-win32-x86_64\bin;C:\Windows\SYSTEM32;C:\Windows\WinSxS\amd64_microsoft.windows.common-controls_6595b64144ccf1df_6.0.22621.3527_none_270e469b73872a76;c:\Users\Drsil\.vscode\extensions\redhat.java-1.31.0-win32-x64\jre\17.0.11-win32-x86_64\bin\server;C:\Users\Drsil\AppData\Roaming\Code\User\globalStorage\redhat.java\1.31.0\config_win\org.eclipse.equinox.launcher\org.eclipse.equinox.launcher.win32.win32.x86_64_1.2.1000.v20240507-1834;C:\Users\Drsil\AppData\Local\Temp\jna-66309480

VM Arguments:
jvm_args: --add-modules=ALL-SYSTEM --add-opens=java.base/java.util=ALL-UNNAMED --add-opens=java.base/java.lang=ALL-UNNAMED --add-opens=java.base/sun.nio.fs=ALL-UNNAMED -Declipse.application=org.eclipse.jdt.ls.core.id1 -Dosgi.bundles.defaultStartLevel=4 -Declipse.product=org.eclipse.jdt.ls.core.product -Djava.import.generatesMetadataFilesAtProjectRoot=false -DDetectVMInstallationsJob.disabled=true -Dfile.encoding=utf8 -XX:+UseParallelGC -XX:GCTimeRatio=4 -XX:AdaptiveSizePolicyWeight=90 -Dsun.zip.disableMemoryMapping=true -Xmx1G -Xms100m -Xlog:disable -javaagent:c:\Users\Drsil\.vscode\extensions\redhat.java-1.31.0-win32-x64\lombok\lombok-1.18.32.jar -XX:+HeapDumpOnOutOfMemoryError -XX:HeapDumpPath=c:\Users\Drsil\AppData\Roaming\Code\User\workspaceStorage\87b53a63c644b581e60df6ba926b3f90\redhat.java -Daether.dependencyCollector.impl=bf 
java_command: c:\Users\Drsil\.vscode\extensions\redhat.java-1.31.0-win32-x64\server\plugins\org.eclipse.equinox.launcher_1.6.800.v20240513-1750.jar -configuration c:\Users\Drsil\AppData\Roaming\Code\User\globalStorage\redhat.java\1.31.0\config_win -data c:\Users\Drsil\AppData\Roaming\Code\User\workspaceStorage\87b53a63c644b581e60df6ba926b3f90\redhat.java\jdt_ws --pipe=\\.\pipe\lsp-87c19950f82de763b63540dc9f4e71eb-sock
java_class_path (initial): c:\Users\Drsil\.vscode\extensions\redhat.java-1.31.0-win32-x64\server\plugins\org.eclipse.equinox.launcher_1.6.800.v20240513-1750.jar
Launcher Type: SUN_STANDARD

[Global flags]
    uintx AdaptiveSizePolicyWeight                 = 90                                        {product} {command line}
     intx CICompilerCount                          = 4                                         {product} {ergonomic}
    uintx GCTimeRatio                              = 4                                         {product} {command line}
     bool HeapDumpOnOutOfMemoryError               = true                                   {manageable} {command line}
    ccstr HeapDumpPath                             = c:\Users\Drsil\AppData\Roaming\Code\User\workspaceStorage\87b53a63c644b581e60df6ba926b3f90\redhat.java         {manageable} {command line}
   size_t InitialHeapSize                          = 104857600                                 {product} {command line}
   size_t MaxHeapSize                              = 1073741824                                {product} {command line}
   size_t MaxNewSize                               = 357564416                                 {product} {ergonomic}
   size_t MinHeapDeltaBytes                        = 524288                                    {product} {ergonomic}
   size_t MinHeapSize                              = 104857600                                 {product} {command line}
   size_t NewSize                                  = 34603008                                  {product} {ergonomic}
    uintx NonNMethodCodeHeapSize                   = 5839372                                {pd product} {ergonomic}
    uintx NonProfiledCodeHeapSize                  = 122909434                              {pd product} {ergonomic}
   size_t OldSize                                  = 70254592                                  {product} {ergonomic}
    uintx ProfiledCodeHeapSize                     = 122909434                              {pd product} {ergonomic}
    uintx ReservedCodeCacheSize                    = 251658240                              {pd product} {ergonomic}
     bool SegmentedCodeCache                       = true                                      {product} {ergonomic}
   size_t SoftMaxHeapSize                          = 1073741824                             {manageable} {ergonomic}
     bool UseCompressedClassPointers               = true                           {product lp64_product} {ergonomic}
     bool UseCompressedOops                        = true                           {product lp64_product} {ergonomic}
     bool UseLargePagesIndividualAllocation        = false                                  {pd product} {ergonomic}
     bool UseParallelGC                            = true                                      {product} {command line}

Logging:
Log output configuration:
 #0: stdout all=off uptime,level,tags
 #1: stderr all=off uptime,level,tags

Environment Variables:
PATH=C:\Program Files\Common Files\Oracle\Java\javapath;C:\Windows\system32;C:\Windows;C:\Windows\System32\Wbem;C:\Windows\System32\WindowsPowerShell\v1.0\;C:\Windows\System32\OpenSSH\;C:\Program Files\dotnet\;C:\Program Files\Git\cmd;C:\Program Files\nodejs\;C:\Program Files\Amazon\AWSCLIV2\;C:\Program Files\MySQL\MySQL Shell 8.0\bin\;C:\Users\Drsil\AppData\Local\Microsoft\WindowsApps;C:\Users\Drsil\AppData\Local\Programs\Microsoft VS Code\bin;C:\Users\Drsil\AppData\Roaming\npm;C:\Program Files\nodejs;
USERNAME=Drsil
OS=Windows_NT
PROCESSOR_IDENTIFIER=Intel64 Family 6 Model 140 Stepping 1, GenuineIntel
TMP=C:\Users\Drsil\AppData\Local\Temp
TEMP=C:\Users\Drsil\AppData\Local\Temp



Periodic native trim disabled


---------------  S Y S T E M  ---------------

OS:
 Windows 11 , 64 bit Build 22621 (10.0.22621.3527)
OS uptime: 13 days 10:29 hours
Hyper-V role detected

CPU: total 8 (initial active 8) (4 cores per cpu, 2 threads per core) family 6 model 140 stepping 1 microcode 0xb4, cx8, cmov, fxsr, ht, mmx, 3dnowpref, sse, sse2, sse3, ssse3, sse4.1, sse4.2, popcnt, lzcnt, tsc, tscinvbit, avx, avx2, aes, erms, clmul, bmi1, bmi2, adx, avx512f, avx512dq, avx512cd, avx512bw, avx512vl, sha, fma, vzeroupper, avx512_vpopcntdq, avx512_vpclmulqdq, avx512_vaes, avx512_vnni, clflush, clflushopt, clwb, avx512_vbmi2, avx512_vbmi, hv
Processor Information for processor 0
  Max Mhz: 2419, Current Mhz: 1209, Mhz Limit: 2419
Processor Information for processor 1
  Max Mhz: 2419, Current Mhz: 1209, Mhz Limit: 2419
Processor Information for processor 2
  Max Mhz: 2419, Current Mhz: 2419, Mhz Limit: 2419
Processor Information for processor 3
  Max Mhz: 2419, Current Mhz: 1209, Mhz Limit: 2419
Processor Information for processor 4
  Max Mhz: 2419, Current Mhz: 1209, Mhz Limit: 2419
Processor Information for processor 5
  Max Mhz: 2419, Current Mhz: 1209, Mhz Limit: 2419
Processor Information for processor 6
  Max Mhz: 2419, Current Mhz: 2419, Mhz Limit: 2419
Processor Information for processor 7
  Max Mhz: 2419, Current Mhz: 1209, Mhz Limit: 2419

Memory: 4k page, system-wide physical 7926M (200M free)
TotalPageFile size 32502M (AvailPageFile size 3M)
current process WorkingSet (physical memory assigned to process): 349M, peak: 397M
current process commit charge ("private bytes"): 439M, peak: 459M

vm_info: OpenJDK 64-Bit Server VM (17.0.11+9) for windows-amd64 JRE (17.0.11+9), built on Apr 17 2024 06:07:48 by "admin" with MS VC++ 16.10 / 16.11 (VS2019)

END.
