#
# There is insufficient memory for the Java Runtime Environment to continue.
# Native memory allocation (mmap) failed to map 130023424 bytes for G1 virtual space
# Possible reasons:
#   The system is out of physical RAM or swap space
#   The process is running with CompressedOops enabled, and the Java Heap may be blocking the growth of the native heap
# Possible solutions:
#   Reduce memory load on the system
#   Increase physical memory or swap space
#   Check if swap backing store is full
#   Decrease Java heap size (-Xmx/-Xms)
#   Decrease number of Java threads
#   Decrease Java thread stack sizes (-Xss)
#   Set larger code cache with -XX:ReservedCodeCacheSize=
#   JVM is running with Unscaled Compressed Oops mode in which the Java heap is
#     placed in the first 4GB address space. The Java Heap base address is the
#     maximum limit for the native heap growth. Please use -XX:HeapBaseMinAddress
#     to set the Java Heap base and to place the Java Heap above 4GB virtual address.
# This output file may be truncated or incomplete.
#
#  Out of Memory Error (os_windows.cpp:3550), pid=38700, tid=1268
#
# JRE version:  (17.0.7+8) (build )
# Java VM: Java HotSpot(TM) 64-Bit Server VM (17.0.7+8-LTS-224, mixed mode, sharing, tiered, compressed oops, compressed class ptrs, g1 gc, windows-amd64)
# No core dump will be written. Minidumps are not enabled by default on client versions of Windows
#

---------------  S U M M A R Y ------------

Command Line: -agentlib:jdwp=transport=dt_socket,server=n,suspend=y,address=localhost:54743 -XX:+ShowCodeDetailsInExceptionMessages com.example.cadastro_tags.CadastroTagsApplication

Host: 11th Gen Intel(R) Core(TM) i5-1135G7 @ 2.40GHz, 8 cores, 7G,  Windows 11 , 64 bit Build 22621 (10.0.22621.3527)
Time: Sat Jun 15 21:47:32 2024 Hora oficial do Brasil elapsed time: 0.027597 seconds (0d 0h 0m 0s)

---------------  T H R E A D  ---------------

Current thread (0x0000026ed20c7c60):  JavaThread "Unknown thread" [_thread_in_vm, id=1268, stack(0x000000ac92000000,0x000000ac92100000)]

Stack: [0x000000ac92000000,0x000000ac92100000]
Native frames: (J=compiled Java code, j=interpreted, Vv=VM code, C=native code)
V  [jvm.dll+0x676a4a]
V  [jvm.dll+0x7d74f4]
V  [jvm.dll+0x7d8c9e]
V  [jvm.dll+0x7d9303]
V  [jvm.dll+0x2452c5]
V  [jvm.dll+0x6738f9]
V  [jvm.dll+0x668232]
V  [jvm.dll+0x302826]
V  [jvm.dll+0x309da6]
V  [jvm.dll+0x35952e]
V  [jvm.dll+0x35975f]
V  [jvm.dll+0x2d9a38]
V  [jvm.dll+0x2da9a4]
V  [jvm.dll+0x7a8fb1]
V  [jvm.dll+0x3670e1]
V  [jvm.dll+0x788359]
V  [jvm.dll+0x3ea5ef]
V  [jvm.dll+0x3ec071]
C  [jli.dll+0x5297]
C  [ucrtbase.dll+0x29333]
C  [KERNEL32.DLL+0x1257d]
C  [ntdll.dll+0x5aa48]


---------------  P R O C E S S  ---------------

Threads class SMR info:
_java_thread_list=0x00007ffc5fc54998, length=0, elements={
}

Java Threads: ( => current thread )

Other Threads:
  0x0000026ed2129380 GCTaskThread "GC Thread#0" [stack: 0x000000ac92100000,0x000000ac92200000] [id=24580]
  0x0000026ed21581c0 ConcurrentGCThread "G1 Main Marker" [stack: 0x000000ac92200000,0x000000ac92300000] [id=35220]
  0x0000026ed2158ad0 ConcurrentGCThread "G1 Conc#0" [stack: 0x000000ac92300000,0x000000ac92400000] [id=32616]

[error occurred during error reporting (printing all threads), id 0xc0000005, EXCEPTION_ACCESS_VIOLATION (0xc0000005) at pc=0x00007ffc5f48a697]

VM state: not at safepoint (not fully initialized)

VM Mutex/Monitor currently owned by a thread:  ([mutex/lock_event])
[0x0000026ed20c3d30] Heap_lock - owner thread: 0x0000026ed20c7c60

Heap address: 0x0000000084200000, size: 1982 MB, Compressed Oops mode: 32-bit

CDS archive(s) mapped at: [0x0000000000000000-0x0000000000000000-0x0000000000000000), size 0, SharedBaseAddress: 0x0000000800000000, ArchiveRelocationMode: 0.
Narrow klass base: 0x0000000000000000, Narrow klass shift: 0, Narrow klass range: 0x0

GC Precious Log:
<Empty>

Heap:
 garbage-first heap   total 0K, used 0K [0x0000000084200000, 0x0000000100000000)
  region size 1024K, 0 young (0K), 0 survivors (0K)

[error occurred during error reporting (printing heap information), id 0xc0000005, EXCEPTION_ACCESS_VIOLATION (0xc0000005) at pc=0x00007ffc5f8700b9]

GC Heap History (0 events):
No events

Deoptimization events (0 events):
No events

Classes unloaded (0 events):
No events

Classes redefined (0 events):
No events

Internal exceptions (0 events):
No events

VM Operations (0 events):
No events

Events (1 events):
Event: 0.015 Loaded shared library C:\Program Files\Java\jdk-17\bin\java.dll


Dynamic libraries:
0x00007ff68cc70000 - 0x00007ff68cc80000 	C:\Program Files\Java\jdk-17\bin\java.exe
0x00007ffce69d0000 - 0x00007ffce6be7000 	C:\Windows\SYSTEM32\ntdll.dll
0x00007ffce5d70000 - 0x00007ffce5e34000 	C:\Windows\System32\KERNEL32.DLL
0x00007ffce41b0000 - 0x00007ffce4557000 	C:\Windows\System32\KERNELBASE.dll
0x00007ffce3f70000 - 0x00007ffce4081000 	C:\Windows\System32\ucrtbase.dll
0x00007ffcb6c30000 - 0x00007ffcb6c49000 	C:\Program Files\Java\jdk-17\bin\jli.dll
0x00007ffce6340000 - 0x00007ffce63f2000 	C:\Windows\System32\ADVAPI32.dll
0x00007ffcb5bd0000 - 0x00007ffcb5beb000 	C:\Program Files\Java\jdk-17\bin\VCRUNTIME140.dll
0x00007ffce5ff0000 - 0x00007ffce6097000 	C:\Windows\System32\msvcrt.dll
0x00007ffce5eb0000 - 0x00007ffce5f58000 	C:\Windows\System32\sechost.dll
0x00007ffce4560000 - 0x00007ffce4588000 	C:\Windows\System32\bcrypt.dll
0x00007ffce6670000 - 0x00007ffce6785000 	C:\Windows\System32\RPCRT4.dll
0x00007ffce6790000 - 0x00007ffce693e000 	C:\Windows\System32\USER32.dll
0x00007ffce4650000 - 0x00007ffce4676000 	C:\Windows\System32\win32u.dll
0x00007ffce6400000 - 0x00007ffce6429000 	C:\Windows\System32\GDI32.dll
0x00007ffccfb90000 - 0x00007ffccfe23000 	C:\Windows\WinSxS\amd64_microsoft.windows.common-controls_6595b64144ccf1df_6.0.22621.3527_none_270e469b73872a76\COMCTL32.dll
0x00007ffce4090000 - 0x00007ffce41a9000 	C:\Windows\System32\gdi32full.dll
0x00007ffce3cf0000 - 0x00007ffce3d8a000 	C:\Windows\System32\msvcp_win.dll
0x00007ffcdec00000 - 0x00007ffcdec0a000 	C:\Windows\SYSTEM32\VERSION.dll
0x00007ffce6530000 - 0x00007ffce6561000 	C:\Windows\System32\IMM32.DLL
0x00007ffccd640000 - 0x00007ffccd64c000 	C:\Program Files\Java\jdk-17\bin\vcruntime140_1.dll
0x00007ffc9e8d0000 - 0x00007ffc9e95e000 	C:\Program Files\Java\jdk-17\bin\msvcp140.dll
0x00007ffc5f1a0000 - 0x00007ffc5fd7d000 	C:\Program Files\Java\jdk-17\bin\server\jvm.dll
0x00007ffce4d20000 - 0x00007ffce4d28000 	C:\Windows\System32\PSAPI.DLL
0x00007ffcb5680000 - 0x00007ffcb5689000 	C:\Windows\SYSTEM32\WSOCK32.dll
0x00007ffce5f70000 - 0x00007ffce5fe1000 	C:\Windows\System32\WS2_32.dll
0x00007ffce1680000 - 0x00007ffce16b4000 	C:\Windows\SYSTEM32\WINMM.dll
0x00007ffce2c40000 - 0x00007ffce2c58000 	C:\Windows\SYSTEM32\kernel.appcore.dll
0x00007ffccd540000 - 0x00007ffccd54a000 	C:\Program Files\Java\jdk-17\bin\jimage.dll
0x00007ffce1370000 - 0x00007ffce15a2000 	C:\Windows\SYSTEM32\DBGHELP.DLL
0x00007ffce5830000 - 0x00007ffce5bb8000 	C:\Windows\System32\combase.dll
0x00007ffce6590000 - 0x00007ffce6667000 	C:\Windows\System32\OLEAUT32.dll
0x00007ffce1640000 - 0x00007ffce1672000 	C:\Windows\SYSTEM32\dbgcore.DLL
0x00007ffce4680000 - 0x00007ffce46f9000 	C:\Windows\System32\bcryptPrimitives.dll
0x00007ffcaa190000 - 0x00007ffcaa1cb000 	C:\Program Files\Java\jdk-17\bin\jdwp.dll
0x00007ffcadaf0000 - 0x00007ffcadb15000 	C:\Program Files\Java\jdk-17\bin\java.dll

dbghelp: loaded successfully - version: 4.0.5 - missing functions: none
symbol engine: initialized successfully - sym options: 0x614 - pdb path: .;C:\Program Files\Java\jdk-17\bin;C:\Windows\SYSTEM32;C:\Windows\WinSxS\amd64_microsoft.windows.common-controls_6595b64144ccf1df_6.0.22621.3527_none_270e469b73872a76;C:\Program Files\Java\jdk-17\bin\server

VM Arguments:
jvm_args: -agentlib:jdwp=transport=dt_socket,server=n,suspend=y,address=localhost:54743 -XX:+ShowCodeDetailsInExceptionMessages 
java_command: com.example.cadastro_tags.CadastroTagsApplication
java_class_path (initial): C:\Users\Drsil\OneDrive\Documentos\Back_end_java\cadastro-tags\target\classes;C:\Users\Drsil\.m2\repository\org\springframework\boot\spring-boot-starter-data-jpa\3.3.0\spring-boot-starter-data-jpa-3.3.0.jar;C:\Users\Drsil\.m2\repository\org\springframework\boot\spring-boot-starter-aop\3.3.0\spring-boot-starter-aop-3.3.0.jar;C:\Users\Drsil\.m2\repository\org\aspectj\aspectjweaver\1.9.22\aspectjweaver-1.9.22.jar;C:\Users\Drsil\.m2\repository\org\springframework\boot\spring-boot-starter-jdbc\3.3.0\spring-boot-starter-jdbc-3.3.0.jar;C:\Users\Drsil\.m2\repository\com\zaxxer\HikariCP\5.1.0\HikariCP-5.1.0.jar;C:\Users\Drsil\.m2\repository\org\springframework\spring-jdbc\6.1.8\spring-jdbc-6.1.8.jar;C:\Users\Drsil\.m2\repository\org\hibernate\orm\hibernate-core\6.5.2.Final\hibernate-core-6.5.2.Final.jar;C:\Users\Drsil\.m2\repository\jakarta\persistence\jakarta.persistence-api\3.1.0\jakarta.persistence-api-3.1.0.jar;C:\Users\Drsil\.m2\repository\jakarta\transaction\jakarta.transaction-api\2.0.1\jakarta.transaction-api-2.0.1.jar;C:\Users\Drsil\.m2\repository\org\jboss\logging\jboss-logging\3.5.3.Final\jboss-logging-3.5.3.Final.jar;C:\Users\Drsil\.m2\repository\org\hibernate\common\hibernate-commons-annotations\6.0.6.Final\hibernate-commons-annotations-6.0.6.Final.jar;C:\Users\Drsil\.m2\repository\io\smallrye\jandex\3.1.2\jandex-3.1.2.jar;C:\Users\Drsil\.m2\repository\com\fasterxml\classmate\1.7.0\classmate-1.7.0.jar;C:\Users\Drsil\.m2\repository\net\bytebuddy\byte-buddy\1.14.16\byte-buddy-1.14.16.jar;C:\Users\Drsil\.m2\repository\org\glassfish\jaxb\jaxb-runtime\4.0.5\jaxb-runtime-4.0.5.jar;C:\Users\Drsil\.m2\repository\org\glassfish\jaxb\jaxb-core\4.0.5\jaxb-core-4.0.5.jar;C:\Users\Drsil\.m2\repository\org\eclipse\angus\angus-activation\2.0.2\angus-activation-2.0.2.jar;C:\Users\Drsil\.m2\repository\org\glassfish\jaxb\txw2\4.0.5\txw2-4.0.5.jar;C:\Users\Drsil\.m2\repository\com\sun\istack\istack-commons-runtime\4.1.2\istack-commons-runtime-4.1.2.jar;
Launcher Type: SUN_STANDARD

[Global flags]
     intx CICompilerCount                          = 4                                         {product} {ergonomic}
     uint ConcGCThreads                            = 2                                         {product} {ergonomic}
     uint G1ConcRefinementThreads                  = 8                                         {product} {ergonomic}
   size_t G1HeapRegionSize                         = 1048576                                   {product} {ergonomic}
    uintx GCDrainStackTargetSize                   = 64                                        {product} {ergonomic}
   size_t InitialHeapSize                          = 130023424                                 {product} {ergonomic}
   size_t MarkStackSize                            = 4194304                                   {product} {ergonomic}
   size_t MaxHeapSize                              = 2078277632                                {product} {ergonomic}
   size_t MinHeapDeltaBytes                        = 1048576                                   {product} {ergonomic}
   size_t MinHeapSize                              = 8388608                                   {product} {ergonomic}
    uintx NonNMethodCodeHeapSize                   = 5839372                                {pd product} {ergonomic}
    uintx NonProfiledCodeHeapSize                  = 122909434                              {pd product} {ergonomic}
    uintx ProfiledCodeHeapSize                     = 122909434                              {pd product} {ergonomic}
    uintx ReservedCodeCacheSize                    = 251658240                              {pd product} {ergonomic}
     bool SegmentedCodeCache                       = true                                      {product} {ergonomic}
     bool ShowCodeDetailsInExceptionMessages       = true                                   {manageable} {command line}
   size_t SoftMaxHeapSize                          = 2078277632                             {manageable} {ergonomic}
     bool UseCompressedClassPointers               = true                           {product lp64_product} {ergonomic}
     bool UseCompressedOops                        = true                           {product lp64_product} {ergonomic}
     bool UseG1GC                                  = true                                      {product} {ergonomic}
     bool UseLargePagesIndividualAllocation        = false                                  {pd product} {ergonomic}

Logging:
Log output configuration:
 #0: stdout all=warning uptime,level,tags
 #1: stderr all=off uptime,level,tags

Environment Variables:
PATH=C:\Program Files\Common Files\Oracle\Java\javapath;C:\Windows\system32;C:\Windows;C:\Windows\System32\Wbem;C:\Windows\System32\WindowsPowerShell\v1.0\;C:\Windows\System32\OpenSSH\;C:\Program Files\dotnet\;C:\Program Files\Git\cmd;C:\Program Files\nodejs\;C:\Program Files\Amazon\AWSCLIV2\;C:\Program Files\MySQL\MySQL Shell 8.0\bin\;C:\Users\Drsil\AppData\Local\Microsoft\WindowsApps;C:\Users\Drsil\AppData\Local\Programs\Microsoft VS Code\bin;C:\Users\Drsil\AppData\Roaming\npm;C:\Program Files\nodejs;
USERNAME=Drsil
LANG=en_US.UTF-8
OS=Windows_NT
PROCESSOR_IDENTIFIER=Intel64 Family 6 Model 140 Stepping 1, GenuineIntel



---------------  S Y S T E M  ---------------

OS:
 Windows 11 , 64 bit Build 22621 (10.0.22621.3527)
OS uptime: 13 days 11:17 hours
Hyper-V role detected

CPU: total 8 (initial active 8) (4 cores per cpu, 2 threads per core) family 6 model 140 stepping 1 microcode 0xb4, cx8, cmov, fxsr, ht, mmx, 3dnowpref, sse, sse2, sse3, ssse3, sse4.1, sse4.2, popcnt, lzcnt, tsc, tscinvbit, avx, avx2, aes, erms, clmul, bmi1, bmi2, adx, avx512f, avx512dq, avx512cd, avx512bw, avx512vl, sha, fma, vzeroupper, avx512_vpopcntdq, avx512_vpclmulqdq, avx512_vaes, avx512_vnni, clflush, clflushopt, clwb, avx512_vbmi2, avx512_vbmi, hv

Memory: 4k page, system-wide physical 7926M (448M free)
TotalPageFile size 32502M (AvailPageFile size 66M)
current process WorkingSet (physical memory assigned to process): 11M, peak: 11M
current process commit charge ("private bytes"): 60M, peak: 184M

vm_info: Java HotSpot(TM) 64-Bit Server VM (17.0.7+8-LTS-224) for windows-amd64 JRE (17.0.7+8-LTS-224), built on Feb 28 2023 23:03:02 by "mach5one" with MS VC++ 17.1 (VS2022)

END.
